{"/home/travis/build/npmtest/node-npmtest-pako/test.js":{"path":"/home/travis/build/npmtest/node-npmtest-pako/test.js","s":{"1":2,"2":2,"3":2,"4":2,"5":2,"6":2,"7":2,"8":1,"9":2,"10":2,"11":1,"12":1,"13":1,"14":1,"15":2,"16":2,"17":2,"18":2,"19":1,"20":1,"21":2,"22":2,"23":2,"24":1,"25":1,"26":1,"27":1,"28":1,"29":1,"30":1,"31":1,"32":1,"33":1,"34":1,"35":1,"36":1,"37":1,"38":1,"39":2,"40":2,"41":1,"42":2,"43":2,"44":1,"45":2,"46":2,"47":1,"48":2,"49":2,"50":1,"51":1,"52":1,"53":1,"54":1},"b":{"1":[2,1,1,1],"2":[1,1,1,1],"3":[1,1],"4":[1,1],"5":[1,1],"6":[1,1],"7":[1,1],"8":[1,1],"9":[1,1],"10":[1,1,1],"11":[1,1],"12":[1,1],"13":[1,1],"14":[1,1],"15":[1,1],"16":[1,1],"17":[1,1]},"f":{"1":2,"2":2,"3":2,"4":2,"5":2,"6":1,"7":1,"8":1,"9":2,"10":2,"11":2,"12":2,"13":1},"fnMap":{"1":{"name":"(anonymous_1)","line":12,"loc":{"start":{"line":12,"column":1},"end":{"line":12,"column":13}}},"2":{"name":"(anonymous_2)","line":19,"loc":{"start":{"line":19,"column":5},"end":{"line":19,"column":17}}},"3":{"name":"(anonymous_3)","line":23,"loc":{"start":{"line":23,"column":24},"end":{"line":23,"column":36}}},"4":{"name":"(anonymous_4)","line":61,"loc":{"start":{"line":61,"column":5},"end":{"line":61,"column":17}}},"5":{"name":"(anonymous_5)","line":82,"loc":{"start":{"line":82,"column":5},"end":{"line":82,"column":17}}},"6":{"name":"(anonymous_6)","line":91,"loc":{"start":{"line":91,"column":77},"end":{"line":94,"column":10}}},"7":{"name":"(anonymous_7)","line":112,"loc":{"start":{"line":112,"column":83},"end":{"line":115,"column":10}},"skip":true},"8":{"name":"(anonymous_8)","line":123,"loc":{"start":{"line":123,"column":77},"end":{"line":126,"column":10}},"skip":true},"9":{"name":"(anonymous_9)","line":139,"loc":{"start":{"line":139,"column":12},"end":{"line":139,"column":40}},"skip":true},"10":{"name":"(anonymous_10)","line":147,"loc":{"start":{"line":147,"column":77},"end":{"line":150,"column":10}},"skip":true},"11":{"name":"(anonymous_11)","line":158,"loc":{"start":{"line":158,"column":83},"end":{"line":161,"column":10}},"skip":true},"12":{"name":"(anonymous_12)","line":169,"loc":{"start":{"line":169,"column":79},"end":{"line":172,"column":10}},"skip":true},"13":{"name":"(anonymous_13)","line":180,"loc":{"start":{"line":180,"column":75},"end":{"line":183,"column":10}},"skip":true}},"statementMap":{"1":{"start":{"line":12,"column":0},"end":{"line":195,"column":5}},"2":{"start":{"line":14,"column":4},"end":{"line":14,"column":14}},"3":{"start":{"line":19,"column":4},"end":{"line":56,"column":9}},"4":{"start":{"line":21,"column":8},"end":{"line":21,"column":19}},"5":{"start":{"line":23,"column":8},"end":{"line":35,"column":13}},"6":{"start":{"line":24,"column":12},"end":{"line":34,"column":13}},"7":{"start":{"line":25,"column":16},"end":{"line":28,"column":30}},"8":{"start":{"line":30,"column":16},"end":{"line":33,"column":27}},"9":{"start":{"line":37,"column":8},"end":{"line":39,"column":21}},"10":{"start":{"line":40,"column":8},"end":{"line":53,"column":9}},"11":{"start":{"line":43,"column":12},"end":{"line":46,"column":14}},"12":{"start":{"line":47,"column":12},"end":{"line":47,"column":18}},"13":{"start":{"line":50,"column":12},"end":{"line":51,"column":46}},"14":{"start":{"line":52,"column":12},"end":{"line":52,"column":18}},"15":{"start":{"line":55,"column":8},"end":{"line":55,"column":35}},"16":{"start":{"line":61,"column":4},"end":{"line":63,"column":9}},"17":{"start":{"line":62,"column":8},"end":{"line":62,"column":15}},"18":{"start":{"line":64,"column":4},"end":{"line":77,"column":5}},"19":{"start":{"line":70,"column":8},"end":{"line":70,"column":14}},"20":{"start":{"line":76,"column":8},"end":{"line":76,"column":14}},"21":{"start":{"line":82,"column":4},"end":{"line":84,"column":9}},"22":{"start":{"line":83,"column":8},"end":{"line":83,"column":15}},"23":{"start":{"line":85,"column":4},"end":{"line":194,"column":5}},"24":{"start":{"line":91,"column":8},"end":{"line":99,"column":10}},"25":{"start":{"line":98,"column":12},"end":{"line":98,"column":35}},"26":{"start":{"line":102,"column":8},"end":{"line":104,"column":63}},"27":{"start":{"line":105,"column":8},"end":{"line":105,"column":14}},"28":{"start":{"line":112,"column":8},"end":{"line":121,"column":10},"skip":true},"29":{"start":{"line":119,"column":12},"end":{"line":119,"column":55},"skip":true},"30":{"start":{"line":120,"column":12},"end":{"line":120,"column":48},"skip":true},"31":{"start":{"line":123,"column":8},"end":{"line":136,"column":10},"skip":true},"32":{"start":{"line":130,"column":12},"end":{"line":130,"column":76},"skip":true},"33":{"start":{"line":131,"column":12},"end":{"line":131,"column":73},"skip":true},"34":{"start":{"line":132,"column":12},"end":{"line":132,"column":74},"skip":true},"35":{"start":{"line":133,"column":12},"end":{"line":133,"column":79},"skip":true},"36":{"start":{"line":134,"column":12},"end":{"line":134,"column":25},"skip":true},"37":{"start":{"line":135,"column":12},"end":{"line":135,"column":45},"skip":true},"38":{"start":{"line":138,"column":8},"end":{"line":145,"column":14},"skip":true},"39":{"start":{"line":143,"column":16},"end":{"line":143,"column":29},"skip":true},"40":{"start":{"line":144,"column":16},"end":{"line":144,"column":55},"skip":true},"41":{"start":{"line":147,"column":8},"end":{"line":156,"column":10},"skip":true},"42":{"start":{"line":154,"column":12},"end":{"line":154,"column":25},"skip":true},"43":{"start":{"line":155,"column":12},"end":{"line":155,"column":45},"skip":true},"44":{"start":{"line":158,"column":8},"end":{"line":167,"column":10},"skip":true},"45":{"start":{"line":165,"column":12},"end":{"line":165,"column":25},"skip":true},"46":{"start":{"line":166,"column":12},"end":{"line":166,"column":48},"skip":true},"47":{"start":{"line":169,"column":8},"end":{"line":178,"column":10},"skip":true},"48":{"start":{"line":176,"column":12},"end":{"line":176,"column":25},"skip":true},"49":{"start":{"line":177,"column":12},"end":{"line":177,"column":46},"skip":true},"50":{"start":{"line":180,"column":8},"end":{"line":189,"column":10},"skip":true},"51":{"start":{"line":187,"column":12},"end":{"line":187,"column":94},"skip":true},"52":{"start":{"line":188,"column":12},"end":{"line":188,"column":48},"skip":true},"53":{"start":{"line":192,"column":8},"end":{"line":192,"column":35},"skip":true},"54":{"start":{"line":193,"column":8},"end":{"line":193,"column":14},"skip":true}},"branchMap":{"1":{"line":25,"type":"binary-expr","locations":[{"start":{"line":25,"column":23},"end":{"line":25,"column":62}},{"start":{"line":26,"column":20},"end":{"line":26,"column":70}},{"start":{"line":27,"column":20},"end":{"line":27,"column":71}},{"start":{"line":28,"column":20},"end":{"line":28,"column":29}}]},"2":{"line":30,"type":"binary-expr","locations":[{"start":{"line":30,"column":23},"end":{"line":30,"column":37}},{"start":{"line":31,"column":20},"end":{"line":31,"column":61}},{"start":{"line":32,"column":20},"end":{"line":32,"column":70}},{"start":{"line":33,"column":20},"end":{"line":33,"column":26}}]},"3":{"line":37,"type":"cond-expr","locations":[{"start":{"line":38,"column":14},"end":{"line":38,"column":20}},{"start":{"line":39,"column":14},"end":{"line":39,"column":20}}]},"4":{"line":40,"type":"switch","locations":[{"start":{"line":42,"column":8},"end":{"line":47,"column":18}},{"start":{"line":49,"column":8},"end":{"line":52,"column":18}}]},"5":{"line":44,"type":"binary-expr","locations":[{"start":{"line":44,"column":16},"end":{"line":44,"column":44}},{"start":{"line":44,"column":48},"end":{"line":44,"column":66}}]},"6":{"line":50,"type":"binary-expr","locations":[{"start":{"line":50,"column":21},"end":{"line":50,"column":49}},{"start":{"line":50,"column":53},"end":{"line":50,"column":72}}]},"7":{"line":64,"type":"switch","locations":[{"start":{"line":69,"column":4},"end":{"line":70,"column":14}},{"start":{"line":75,"column":4},"end":{"line":76,"column":14}}]},"8":{"line":85,"type":"switch","locations":[{"start":{"line":90,"column":4},"end":{"line":105,"column":14}},{"start":{"line":111,"column":4},"end":{"line":193,"column":14},"skip":true}]},"9":{"line":91,"type":"binary-expr","locations":[{"start":{"line":91,"column":42},"end":{"line":91,"column":73}},{"start":{"line":91,"column":77},"end":{"line":99,"column":9}}]},"10":{"line":102,"type":"binary-expr","locations":[{"start":{"line":102,"column":18},"end":{"line":102,"column":32}},{"start":{"line":103,"column":12},"end":{"line":103,"column":53}},{"start":{"line":104,"column":12},"end":{"line":104,"column":61}}]},"11":{"line":112,"type":"binary-expr","locations":[{"start":{"line":112,"column":45},"end":{"line":112,"column":79},"skip":true},{"start":{"line":112,"column":83},"end":{"line":121,"column":9},"skip":true}]},"12":{"line":123,"type":"binary-expr","locations":[{"start":{"line":123,"column":42},"end":{"line":123,"column":73},"skip":true},{"start":{"line":123,"column":77},"end":{"line":136,"column":9},"skip":true}]},"13":{"line":138,"type":"binary-expr","locations":[{"start":{"line":138,"column":48},"end":{"line":138,"column":85},"skip":true},{"start":{"line":139,"column":12},"end":{"line":145,"column":13},"skip":true}]},"14":{"line":147,"type":"binary-expr","locations":[{"start":{"line":147,"column":42},"end":{"line":147,"column":73},"skip":true},{"start":{"line":147,"column":77},"end":{"line":156,"column":9},"skip":true}]},"15":{"line":158,"type":"binary-expr","locations":[{"start":{"line":158,"column":45},"end":{"line":158,"column":79},"skip":true},{"start":{"line":158,"column":83},"end":{"line":167,"column":9},"skip":true}]},"16":{"line":169,"type":"binary-expr","locations":[{"start":{"line":169,"column":43},"end":{"line":169,"column":75},"skip":true},{"start":{"line":169,"column":79},"end":{"line":178,"column":9},"skip":true}]},"17":{"line":180,"type":"binary-expr","locations":[{"start":{"line":180,"column":41},"end":{"line":180,"column":71},"skip":true},{"start":{"line":180,"column":75},"end":{"line":189,"column":9},"skip":true}]}},"code":["/* istanbul instrument in package npmtest_pako */","/*jslint","    bitwise: true,","    browser: true,","    maxerr: 8,","    maxlen: 96,","    node: true,","    nomen: true,","    regexp: true,","    stupid: true","*/","(function () {","    'use strict';","    var local;","","","","    // run shared js-env code - pre-init","    (function () {","        // init local","        local = {};","        // init modeJs","        local.modeJs = (function () {","            try {","                return typeof navigator.userAgent === 'string' &&","                    typeof document.querySelector('body') === 'object' &&","                    typeof XMLHttpRequest.prototype.open === 'function' &&","                    'browser';","            } catch (errorCaughtBrowser) {","                return module.exports &&","                    typeof process.versions.node === 'string' &&","                    typeof require('http').createServer === 'function' &&","                    'node';","            }","        }());","        // init global","        local.global = local.modeJs === 'browser'","            ? window","            : global;","        switch (local.modeJs) {","        // re-init local from window.local","        case 'browser':","            local = local.global.utility2.objectSetDefault(","                local.global.utility2_rollup || local.global.local,","                local.global.utility2","            );","            break;","        // re-init local from example.js","        case 'node':","            local = (local.global.utility2_rollup || require('utility2'))","                .requireExampleJsFromReadme();","            break;","        }","        // export local","        local.global.local = local;","    }());","","","","    // run shared js-env code - function","    (function () {","        return;","    }());","    switch (local.modeJs) {","","","","    // run browser js-env code - function","    case 'browser':","        break;","","","","    // run node js-env code - function","    case 'node':","        break;","    }","","","","    // run shared js-env code - post-init","    (function () {","        return;","    }());","    switch (local.modeJs) {","","","","    // run browser js-env code - post-init","    case 'browser':","        local.testCase_browser_nullCase = local.testCase_browser_nullCase || function (","            options,","            onError","        ) {","        /*","         * this function will test browsers's null-case handling-behavior-behavior","         */","            onError(null, options);","        };","","        // run tests","        local.nop(local.modeTest &&","            document.querySelector('#testRunButton1') &&","            document.querySelector('#testRunButton1').click());","        break;","","","","    // run node js-env code - post-init","    /* istanbul ignore next */","    case 'node':","        local.testCase_buildApidoc_default = local.testCase_buildApidoc_default || function (","            options,","            onError","        ) {","        /*","         * this function will test buildApidoc's default handling-behavior-behavior","         */","            options = { modulePathList: module.paths };","            local.buildApidoc(options, onError);","        };","","        local.testCase_buildApp_default = local.testCase_buildApp_default || function (","            options,","            onError","        ) {","        /*","         * this function will test buildApp's default handling-behavior-behavior","         */","            local.testCase_buildReadme_default(options, local.onErrorThrow);","            local.testCase_buildLib_default(options, local.onErrorThrow);","            local.testCase_buildTest_default(options, local.onErrorThrow);","            local.testCase_buildCustomOrg_default(options, local.onErrorThrow);","            options = [];","            local.buildApp(options, onError);","        };","","        local.testCase_buildCustomOrg_default = local.testCase_buildCustomOrg_default ||","            function (options, onError) {","            /*","             * this function will test buildCustomOrg's default handling-behavior","             */","                options = {};","                local.buildCustomOrg(options, onError);","            };","","        local.testCase_buildLib_default = local.testCase_buildLib_default || function (","            options,","            onError","        ) {","        /*","         * this function will test buildLib's default handling-behavior","         */","            options = {};","            local.buildLib(options, onError);","        };","","        local.testCase_buildReadme_default = local.testCase_buildReadme_default || function (","            options,","            onError","        ) {","        /*","         * this function will test buildReadme's default handling-behavior-behavior","         */","            options = {};","            local.buildReadme(options, onError);","        };","","        local.testCase_buildTest_default = local.testCase_buildTest_default || function (","            options,","            onError","        ) {","        /*","         * this function will test buildTest's default handling-behavior","         */","            options = {};","            local.buildTest(options, onError);","        };","","        local.testCase_webpage_default = local.testCase_webpage_default || function (","            options,","            onError","        ) {","        /*","         * this function will test webpage's default handling-behavior","         */","            options = { modeCoverageMerge: true, url: local.serverLocalHost + '?modeTest=1' };","            local.browserTest(options, onError);","        };","","        // run test-server","        local.testRunServer(local);","        break;","    }","}());",""],"l":{"12":2,"14":2,"19":2,"21":2,"23":2,"24":2,"25":2,"30":1,"37":2,"40":2,"43":1,"47":1,"50":1,"52":1,"55":2,"61":2,"62":2,"64":2,"70":1,"76":1,"82":2,"83":2,"85":2,"91":1,"98":1,"102":1,"105":1,"112":1,"119":1,"120":1,"123":1,"130":1,"131":1,"132":1,"133":1,"134":1,"135":1,"138":1,"143":2,"144":2,"147":1,"154":2,"155":2,"158":1,"165":2,"166":2,"169":1,"176":2,"177":2,"180":1,"187":1,"188":1,"192":1,"193":1}},"/home/travis/build/npmtest/node-npmtest-pako/lib.npmtest_pako.js":{"path":"/home/travis/build/npmtest/node-npmtest-pako/lib.npmtest_pako.js","s":{"1":2,"2":2,"3":2,"4":2,"5":2,"6":2,"7":2,"8":1,"9":2,"10":2,"11":2,"12":2,"13":1,"14":1,"15":1,"16":1},"b":{"1":[2,1,1,1],"2":[1,1,1,1],"3":[1,1],"4":[2,2],"5":[1,1]},"f":{"1":2,"2":2,"3":2},"fnMap":{"1":{"name":"(anonymous_1)","line":12,"loc":{"start":{"line":12,"column":1},"end":{"line":12,"column":13}}},"2":{"name":"(anonymous_2)","line":19,"loc":{"start":{"line":19,"column":5},"end":{"line":19,"column":17}}},"3":{"name":"(anonymous_3)","line":23,"loc":{"start":{"line":23,"column":24},"end":{"line":23,"column":36}}}},"statementMap":{"1":{"start":{"line":12,"column":0},"end":{"line":53,"column":5}},"2":{"start":{"line":14,"column":4},"end":{"line":14,"column":14}},"3":{"start":{"line":19,"column":4},"end":{"line":52,"column":9}},"4":{"start":{"line":21,"column":8},"end":{"line":21,"column":19}},"5":{"start":{"line":23,"column":8},"end":{"line":35,"column":13}},"6":{"start":{"line":24,"column":12},"end":{"line":34,"column":13}},"7":{"start":{"line":25,"column":16},"end":{"line":28,"column":30}},"8":{"start":{"line":30,"column":16},"end":{"line":33,"column":27}},"9":{"start":{"line":37,"column":8},"end":{"line":39,"column":21}},"10":{"start":{"line":41,"column":8},"end":{"line":41,"column":54}},"11":{"start":{"line":43,"column":8},"end":{"line":43,"column":49}},"12":{"start":{"line":45,"column":8},"end":{"line":51,"column":9}},"13":{"start":{"line":46,"column":12},"end":{"line":46,"column":55}},"14":{"start":{"line":48,"column":12},"end":{"line":48,"column":35}},"15":{"start":{"line":49,"column":12},"end":{"line":49,"column":49}},"16":{"start":{"line":50,"column":12},"end":{"line":50,"column":43}}},"branchMap":{"1":{"line":25,"type":"binary-expr","locations":[{"start":{"line":25,"column":23},"end":{"line":25,"column":62}},{"start":{"line":26,"column":20},"end":{"line":26,"column":70}},{"start":{"line":27,"column":20},"end":{"line":27,"column":71}},{"start":{"line":28,"column":20},"end":{"line":28,"column":29}}]},"2":{"line":30,"type":"binary-expr","locations":[{"start":{"line":30,"column":23},"end":{"line":30,"column":37}},{"start":{"line":31,"column":20},"end":{"line":31,"column":61}},{"start":{"line":32,"column":20},"end":{"line":32,"column":70}},{"start":{"line":33,"column":20},"end":{"line":33,"column":26}}]},"3":{"line":37,"type":"cond-expr","locations":[{"start":{"line":38,"column":14},"end":{"line":38,"column":20}},{"start":{"line":39,"column":14},"end":{"line":39,"column":20}}]},"4":{"line":41,"type":"binary-expr","locations":[{"start":{"line":41,"column":16},"end":{"line":41,"column":44}},{"start":{"line":41,"column":48},"end":{"line":41,"column":53}}]},"5":{"line":45,"type":"if","locations":[{"start":{"line":45,"column":8},"end":{"line":45,"column":8}},{"start":{"line":45,"column":8},"end":{"line":45,"column":8}}]}},"code":["/* istanbul instrument in package npmtest_pako */","/*jslint","    bitwise: true,","    browser: true,","    maxerr: 8,","    maxlen: 96,","    node: true,","    nomen: true,","    regexp: true,","    stupid: true","*/","(function () {","    'use strict';","    var local;","","","","    // run shared js-env code - pre-init","    (function () {","        // init local","        local = {};","        // init modeJs","        local.modeJs = (function () {","            try {","                return typeof navigator.userAgent === 'string' &&","                    typeof document.querySelector('body') === 'object' &&","                    typeof XMLHttpRequest.prototype.open === 'function' &&","                    'browser';","            } catch (errorCaughtBrowser) {","                return module.exports &&","                    typeof process.versions.node === 'string' &&","                    typeof require('http').createServer === 'function' &&","                    'node';","            }","        }());","        // init global","        local.global = local.modeJs === 'browser'","            ? window","            : global;","        // init utility2_rollup","        local = local.global.utility2_rollup || local;","        // init lib","        local.local = local.npmtest_pako = local;","        // init exports","        if (local.modeJs === 'browser') {","            local.global.utility2_npmtest_pako = local;","        } else {","            module.exports = local;","            module.exports.__dirname = __dirname;","            module.exports.module = module;","        }","    }());","}());",""],"l":{"12":2,"14":2,"19":2,"21":2,"23":2,"24":2,"25":2,"30":1,"37":2,"41":2,"43":2,"45":2,"46":1,"48":1,"49":1,"50":1}},"/home/travis/build/npmtest/node-npmtest-pako/example.js":{"path":"/home/travis/build/npmtest/node-npmtest-pako/example.js","s":{"1":2,"2":2,"3":2,"4":2,"5":2,"6":2,"7":2,"8":1,"9":2,"10":2,"11":2,"12":2,"13":1,"14":2,"15":2,"16":2,"17":2,"18":2,"19":0,"20":2,"21":1,"22":1,"23":1,"24":1,"25":1,"26":0,"27":0,"28":1,"29":1,"30":2,"31":0,"32":0,"33":0,"34":1,"35":2,"36":2,"37":3,"38":3,"39":3,"40":3,"41":0,"42":3,"43":3,"44":3,"45":1,"46":3,"47":1,"48":1,"49":1,"50":1,"51":1,"52":1,"53":1,"54":1,"55":1,"56":1,"57":0,"58":1,"59":6,"60":6,"61":1,"62":2,"63":0,"64":2,"65":1,"66":1,"67":0,"68":0,"69":0,"70":0,"71":0,"72":0,"73":0,"74":0,"75":0,"76":0,"77":0,"78":0,"79":0,"80":0,"81":0,"82":0,"83":0},"b":{"1":[2,1,1,1],"2":[1,1,1,1],"3":[1,1],"4":[2,2],"5":[1,1],"6":[1,1],"7":[2,0],"8":[2,1,1,1,1,1],"9":[0,2,0],"10":[1,1],"11":[2,1,1],"12":[1,0],"13":[0,2],"14":[2,0,0,0,0,0,0],"15":[0,3],"16":[3,0],"17":[1,1],"18":[0,1],"19":[1,2,0,2],"20":[1,0],"21":[1,1],"22":[0,0],"23":[0,0],"24":[0,0],"25":[0,0],"26":[0,0],"27":[0,0],"28":[0,0]},"f":{"1":2,"2":2,"3":2,"4":2,"5":2,"6":2,"7":3,"8":3,"9":3,"10":1,"11":6,"12":0},"fnMap":{"1":{"name":"(anonymous_1)","line":26,"loc":{"start":{"line":26,"column":1},"end":{"line":26,"column":13}}},"2":{"name":"(anonymous_2)","line":33,"loc":{"start":{"line":33,"column":5},"end":{"line":33,"column":17}}},"3":{"name":"(anonymous_3)","line":37,"loc":{"start":{"line":37,"column":24},"end":{"line":37,"column":36}}},"4":{"name":"(anonymous_4)","line":69,"loc":{"start":{"line":69,"column":31},"end":{"line":69,"column":48}},"skip":true},"5":{"name":"(anonymous_5)","line":78,"loc":{"start":{"line":78,"column":26},"end":{"line":78,"column":45}},"skip":true},"6":{"name":"(anonymous_6)","line":123,"loc":{"start":{"line":123,"column":33},"end":{"line":123,"column":48}},"skip":true},"7":{"name":"(anonymous_7)","line":125,"loc":{"start":{"line":125,"column":27},"end":{"line":125,"column":39}},"skip":true},"8":{"name":"(anonymous_8)","line":133,"loc":{"start":{"line":133,"column":59},"end":{"line":133,"column":74}},"skip":true},"9":{"name":"(anonymous_9)","line":143,"loc":{"start":{"line":143,"column":45},"end":{"line":143,"column":62}},"skip":true},"10":{"name":"(anonymous_10)","line":144,"loc":{"start":{"line":144,"column":73},"end":{"line":144,"column":92}},"skip":true},"11":{"name":"(anonymous_11)","line":272,"loc":{"start":{"line":272,"column":51},"end":{"line":272,"column":77}},"skip":true},"12":{"name":"(anonymous_12)","line":315,"loc":{"start":{"line":315,"column":32},"end":{"line":315,"column":61}},"skip":true}},"statementMap":{"1":{"start":{"line":26,"column":0},"end":{"line":326,"column":5}},"2":{"start":{"line":28,"column":4},"end":{"line":28,"column":14}},"3":{"start":{"line":33,"column":4},"end":{"line":60,"column":9}},"4":{"start":{"line":35,"column":8},"end":{"line":35,"column":19}},"5":{"start":{"line":37,"column":8},"end":{"line":49,"column":13}},"6":{"start":{"line":38,"column":12},"end":{"line":48,"column":13}},"7":{"start":{"line":39,"column":16},"end":{"line":42,"column":30}},"8":{"start":{"line":44,"column":16},"end":{"line":47,"column":27}},"9":{"start":{"line":51,"column":8},"end":{"line":53,"column":21}},"10":{"start":{"line":55,"column":8},"end":{"line":57,"column":45}},"11":{"start":{"line":59,"column":8},"end":{"line":59,"column":35}},"12":{"start":{"line":61,"column":4},"end":{"line":325,"column":5}},"13":{"start":{"line":69,"column":8},"end":{"line":121,"column":10},"skip":true},"14":{"start":{"line":70,"column":12},"end":{"line":88,"column":13},"skip":true},"15":{"start":{"line":76,"column":16},"end":{"line":87,"column":19},"skip":true},"16":{"start":{"line":79,"column":20},"end":{"line":86,"column":21},"skip":true},"17":{"start":{"line":82,"column":24},"end":{"line":82,"column":43},"skip":true},"18":{"start":{"line":83,"column":24},"end":{"line":83,"column":30},"skip":true},"19":{"start":{"line":85,"column":24},"end":{"line":85,"column":49},"skip":true},"20":{"start":{"line":89,"column":12},"end":{"line":107,"column":13},"skip":true},"21":{"start":{"line":92,"column":16},"end":{"line":102,"column":17},"skip":true},"22":{"start":{"line":93,"column":20},"end":{"line":93,"column":86},"skip":true},"23":{"start":{"line":94,"column":20},"end":{"line":95,"column":45},"skip":true},"24":{"start":{"line":96,"column":20},"end":{"line":96,"column":42},"skip":true},"25":{"start":{"line":97,"column":20},"end":{"line":97,"column":48},"skip":true},"26":{"start":{"line":100,"column":20},"end":{"line":100,"column":85},"skip":true},"27":{"start":{"line":101,"column":20},"end":{"line":101,"column":96},"skip":true},"28":{"start":{"line":103,"column":16},"end":{"line":103,"column":22},"skip":true},"29":{"start":{"line":106,"column":16},"end":{"line":106,"column":22},"skip":true},"30":{"start":{"line":108,"column":12},"end":{"line":120,"column":13},"skip":true},"31":{"start":{"line":114,"column":16},"end":{"line":119,"column":17},"skip":true},"32":{"start":{"line":116,"column":20},"end":{"line":116,"column":78},"skip":true},"33":{"start":{"line":118,"column":20},"end":{"line":118,"column":47},"skip":true},"34":{"start":{"line":123,"column":8},"end":{"line":141,"column":11},"skip":true},"35":{"start":{"line":124,"column":12},"end":{"line":124,"column":54},"skip":true},"36":{"start":{"line":125,"column":12},"end":{"line":140,"column":14},"skip":true},"37":{"start":{"line":126,"column":16},"end":{"line":126,"column":28},"skip":true},"38":{"start":{"line":127,"column":16},"end":{"line":127,"column":69},"skip":true},"39":{"start":{"line":128,"column":16},"end":{"line":128,"column":75},"skip":true},"40":{"start":{"line":129,"column":16},"end":{"line":131,"column":17},"skip":true},"41":{"start":{"line":130,"column":20},"end":{"line":130,"column":27},"skip":true},"42":{"start":{"line":133,"column":16},"end":{"line":137,"column":36},"skip":true},"43":{"start":{"line":134,"column":20},"end":{"line":136,"column":55},"skip":true},"44":{"start":{"line":139,"column":16},"end":{"line":139,"column":57},"skip":true},"45":{"start":{"line":143,"column":8},"end":{"line":147,"column":11},"skip":true},"46":{"start":{"line":144,"column":12},"end":{"line":146,"column":15},"skip":true},"47":{"start":{"line":145,"column":16},"end":{"line":145,"column":70},"skip":true},"48":{"start":{"line":149,"column":8},"end":{"line":149,"column":31},"skip":true},"49":{"start":{"line":150,"column":8},"end":{"line":150,"column":14},"skip":true},"50":{"start":{"line":158,"column":8},"end":{"line":158,"column":31},"skip":true},"51":{"start":{"line":160,"column":8},"end":{"line":160,"column":33},"skip":true},"52":{"start":{"line":161,"column":8},"end":{"line":161,"column":37},"skip":true},"53":{"start":{"line":162,"column":8},"end":{"line":162,"column":35},"skip":true},"54":{"start":{"line":164,"column":8},"end":{"line":164,"column":50},"skip":true},"55":{"start":{"line":166,"column":8},"end":{"line":256,"column":2},"skip":true},"56":{"start":{"line":258,"column":8},"end":{"line":286,"column":9},"skip":true},"57":{"start":{"line":259,"column":12},"end":{"line":269,"column":14},"skip":true},"58":{"start":{"line":271,"column":12},"end":{"line":285,"column":19},"skip":true},"59":{"start":{"line":274,"column":20},"end":{"line":274,"column":35},"skip":true},"60":{"start":{"line":275,"column":20},"end":{"line":284,"column":21},"skip":true},"61":{"start":{"line":277,"column":24},"end":{"line":277,"column":64},"skip":true},"62":{"start":{"line":279,"column":24},"end":{"line":279,"column":40},"skip":true},"63":{"start":{"line":281,"column":24},"end":{"line":281,"column":40},"skip":true},"64":{"start":{"line":283,"column":24},"end":{"line":283,"column":39},"skip":true},"65":{"start":{"line":288,"column":8},"end":{"line":290,"column":9},"skip":true},"66":{"start":{"line":289,"column":12},"end":{"line":289,"column":18},"skip":true},"67":{"start":{"line":291,"column":8},"end":{"line":293,"column":54},"skip":true},"68":{"start":{"line":296,"column":8},"end":{"line":301,"column":37},"skip":true},"69":{"start":{"line":303,"column":8},"end":{"line":303,"column":82},"skip":true},"70":{"start":{"line":306,"column":8},"end":{"line":308,"column":9},"skip":true},"71":{"start":{"line":307,"column":12},"end":{"line":307,"column":82},"skip":true},"72":{"start":{"line":310,"column":8},"end":{"line":312,"column":9},"skip":true},"73":{"start":{"line":311,"column":12},"end":{"line":311,"column":18},"skip":true},"74":{"start":{"line":313,"column":8},"end":{"line":313,"column":54},"skip":true},"75":{"start":{"line":314,"column":8},"end":{"line":314,"column":69},"skip":true},"76":{"start":{"line":315,"column":8},"end":{"line":323,"column":36},"skip":true},"77":{"start":{"line":316,"column":12},"end":{"line":316,"column":61},"skip":true},"78":{"start":{"line":317,"column":12},"end":{"line":320,"column":13},"skip":true},"79":{"start":{"line":318,"column":16},"end":{"line":318,"column":75},"skip":true},"80":{"start":{"line":319,"column":16},"end":{"line":319,"column":23},"skip":true},"81":{"start":{"line":321,"column":12},"end":{"line":321,"column":38},"skip":true},"82":{"start":{"line":322,"column":12},"end":{"line":322,"column":27},"skip":true},"83":{"start":{"line":324,"column":8},"end":{"line":324,"column":14},"skip":true}},"branchMap":{"1":{"line":39,"type":"binary-expr","locations":[{"start":{"line":39,"column":23},"end":{"line":39,"column":62}},{"start":{"line":40,"column":20},"end":{"line":40,"column":70}},{"start":{"line":41,"column":20},"end":{"line":41,"column":71}},{"start":{"line":42,"column":20},"end":{"line":42,"column":29}}]},"2":{"line":44,"type":"binary-expr","locations":[{"start":{"line":44,"column":23},"end":{"line":44,"column":37}},{"start":{"line":45,"column":20},"end":{"line":45,"column":61}},{"start":{"line":46,"column":20},"end":{"line":46,"column":70}},{"start":{"line":47,"column":20},"end":{"line":47,"column":26}}]},"3":{"line":51,"type":"cond-expr","locations":[{"start":{"line":52,"column":14},"end":{"line":52,"column":20}},{"start":{"line":53,"column":14},"end":{"line":53,"column":20}}]},"4":{"line":55,"type":"binary-expr","locations":[{"start":{"line":55,"column":16},"end":{"line":55,"column":44}},{"start":{"line":55,"column":49},"end":{"line":57,"column":43}}]},"5":{"line":55,"type":"cond-expr","locations":[{"start":{"line":56,"column":14},"end":{"line":56,"column":48}},{"start":{"line":57,"column":14},"end":{"line":57,"column":43}}]},"6":{"line":61,"type":"switch","locations":[{"start":{"line":68,"column":4},"end":{"line":150,"column":14},"skip":true},{"start":{"line":156,"column":4},"end":{"line":324,"column":14},"skip":true}]},"7":{"line":70,"type":"if","locations":[{"start":{"line":70,"column":12},"end":{"line":70,"column":12},"skip":true},{"start":{"line":70,"column":12},"end":{"line":70,"column":12},"skip":true}]},"8":{"line":70,"type":"binary-expr","locations":[{"start":{"line":70,"column":16},"end":{"line":70,"column":22},"skip":true},{"start":{"line":70,"column":27},"end":{"line":70,"column":32},"skip":true},{"start":{"line":71,"column":20},"end":{"line":71,"column":39},"skip":true},{"start":{"line":72,"column":20},"end":{"line":72,"column":49},"skip":true},{"start":{"line":73,"column":20},"end":{"line":73,"column":58},"skip":true},{"start":{"line":74,"column":20},"end":{"line":74,"column":69},"skip":true}]},"9":{"line":79,"type":"switch","locations":[{"start":{"line":80,"column":20},"end":{"line":80,"column":33},"skip":true},{"start":{"line":81,"column":20},"end":{"line":83,"column":30},"skip":true},{"start":{"line":84,"column":20},"end":{"line":85,"column":49},"skip":true}]},"10":{"line":89,"type":"switch","locations":[{"start":{"line":90,"column":12},"end":{"line":103,"column":22},"skip":true},{"start":{"line":105,"column":12},"end":{"line":106,"column":22},"skip":true}]},"11":{"line":89,"type":"binary-expr","locations":[{"start":{"line":89,"column":20},"end":{"line":89,"column":25},"skip":true},{"start":{"line":89,"column":29},"end":{"line":89,"column":48},"skip":true},{"start":{"line":89,"column":52},"end":{"line":89,"column":74},"skip":true}]},"12":{"line":92,"type":"if","locations":[{"start":{"line":92,"column":16},"end":{"line":92,"column":16},"skip":true},{"start":{"line":92,"column":16},"end":{"line":92,"column":16},"skip":true}]},"13":{"line":108,"type":"if","locations":[{"start":{"line":108,"column":12},"end":{"line":108,"column":12},"skip":true},{"start":{"line":108,"column":12},"end":{"line":108,"column":12},"skip":true}]},"14":{"line":108,"type":"binary-expr","locations":[{"start":{"line":108,"column":16},"end":{"line":108,"column":61},"skip":true},{"start":{"line":108,"column":66},"end":{"line":108,"column":72},"skip":true},{"start":{"line":108,"column":77},"end":{"line":108,"column":82},"skip":true},{"start":{"line":109,"column":20},"end":{"line":109,"column":39},"skip":true},{"start":{"line":110,"column":20},"end":{"line":110,"column":49},"skip":true},{"start":{"line":111,"column":20},"end":{"line":111,"column":58},"skip":true},{"start":{"line":112,"column":20},"end":{"line":112,"column":68},"skip":true}]},"15":{"line":129,"type":"if","locations":[{"start":{"line":129,"column":16},"end":{"line":129,"column":16},"skip":true},{"start":{"line":129,"column":16},"end":{"line":129,"column":16},"skip":true}]},"16":{"line":134,"type":"cond-expr","locations":[{"start":{"line":135,"column":26},"end":{"line":135,"column":29},"skip":true},{"start":{"line":136,"column":26},"end":{"line":136,"column":54},"skip":true}]},"17":{"line":164,"type":"binary-expr","locations":[{"start":{"line":164,"column":27},"end":{"line":164,"column":43},"skip":true},{"start":{"line":164,"column":47},"end":{"line":164,"column":49},"skip":true}]},"18":{"line":258,"type":"if","locations":[{"start":{"line":258,"column":8},"end":{"line":258,"column":8},"skip":true},{"start":{"line":258,"column":8},"end":{"line":258,"column":8},"skip":true}]},"19":{"line":275,"type":"switch","locations":[{"start":{"line":276,"column":20},"end":{"line":277,"column":64},"skip":true},{"start":{"line":278,"column":20},"end":{"line":279,"column":40},"skip":true},{"start":{"line":280,"column":20},"end":{"line":281,"column":40},"skip":true},{"start":{"line":282,"column":20},"end":{"line":283,"column":39},"skip":true}]},"20":{"line":288,"type":"if","locations":[{"start":{"line":288,"column":8},"end":{"line":288,"column":8},"skip":true},{"start":{"line":288,"column":8},"end":{"line":288,"column":8},"skip":true}]},"21":{"line":288,"type":"binary-expr","locations":[{"start":{"line":288,"column":12},"end":{"line":288,"column":40},"skip":true},{"start":{"line":288,"column":44},"end":{"line":288,"column":67},"skip":true}]},"22":{"line":292,"type":"binary-expr","locations":[{"start":{"line":292,"column":12},"end":{"line":292,"column":50},"skip":true},{"start":{"line":293,"column":12},"end":{"line":293,"column":53},"skip":true}]},"23":{"line":297,"type":"binary-expr","locations":[{"start":{"line":297,"column":12},"end":{"line":297,"column":62},"skip":true},{"start":{"line":298,"column":12},"end":{"line":301,"column":36},"skip":true}]},"24":{"line":303,"type":"binary-expr","locations":[{"start":{"line":303,"column":43},"end":{"line":303,"column":75},"skip":true},{"start":{"line":303,"column":79},"end":{"line":303,"column":81},"skip":true}]},"25":{"line":306,"type":"if","locations":[{"start":{"line":306,"column":8},"end":{"line":306,"column":8},"skip":true},{"start":{"line":306,"column":8},"end":{"line":306,"column":8},"skip":true}]},"26":{"line":310,"type":"if","locations":[{"start":{"line":310,"column":8},"end":{"line":310,"column":8},"skip":true},{"start":{"line":310,"column":8},"end":{"line":310,"column":8},"skip":true}]},"27":{"line":313,"type":"binary-expr","locations":[{"start":{"line":313,"column":27},"end":{"line":313,"column":43},"skip":true},{"start":{"line":313,"column":47},"end":{"line":313,"column":53},"skip":true}]},"28":{"line":317,"type":"if","locations":[{"start":{"line":317,"column":12},"end":{"line":317,"column":12},"skip":true},{"start":{"line":317,"column":12},"end":{"line":317,"column":12},"skip":true}]}},"code":["/*","example.js","","quickstart example","","instruction","    1. save this script as example.js","    2. run the shell command:","        $ npm install npmtest-pako && PORT=8081 node example.js","    3. play with the browser-demo on http://127.0.0.1:8081","*/","","","","/* istanbul instrument in package npmtest_pako */","/*jslint","    bitwise: true,","    browser: true,","    maxerr: 8,","    maxlen: 96,","    node: true,","    nomen: true,","    regexp: true,","    stupid: true","*/","(function () {","    'use strict';","    var local;","","","","    // run shared js-env code - pre-init","    (function () {","        // init local","        local = {};","        // init modeJs","        local.modeJs = (function () {","            try {","                return typeof navigator.userAgent === 'string' &&","                    typeof document.querySelector('body') === 'object' &&","                    typeof XMLHttpRequest.prototype.open === 'function' &&","                    'browser';","            } catch (errorCaughtBrowser) {","                return module.exports &&","                    typeof process.versions.node === 'string' &&","                    typeof require('http').createServer === 'function' &&","                    'node';","            }","        }());","        // init global","        local.global = local.modeJs === 'browser'","            ? window","            : global;","        // init utility2_rollup","        local = local.global.utility2_rollup || (local.modeJs === 'browser'","            ? local.global.utility2_npmtest_pako","            : global.utility2_moduleExports);","        // export local","        local.global.local = local;","    }());","    switch (local.modeJs) {","","","","    // post-init","    // run browser js-env code - post-init","    /* istanbul ignore next */","    case 'browser':","        local.testRunBrowser = function (event) {","            if (!event || (event &&","                    event.currentTarget &&","                    event.currentTarget.className &&","                    event.currentTarget.className.includes &&","                    event.currentTarget.className.includes('onreset'))) {","                // reset output","                Array.from(","                    document.querySelectorAll('body > .resettable')","                ).forEach(function (element) {","                    switch (element.tagName) {","                    case 'INPUT':","                    case 'TEXTAREA':","                        element.value = '';","                        break;","                    default:","                        element.textContent = '';","                    }","                });","            }","            switch (event && event.currentTarget && event.currentTarget.id) {","            case 'testRunButton1':","                // show tests","                if (document.querySelector('#testReportDiv1').style.display === 'none') {","                    document.querySelector('#testReportDiv1').style.display = 'block';","                    document.querySelector('#testRunButton1').textContent =","                        'hide internal test';","                    local.modeTest = true;","                    local.testRunDefault(local);","                // hide tests","                } else {","                    document.querySelector('#testReportDiv1').style.display = 'none';","                    document.querySelector('#testRunButton1').textContent = 'run internal test';","                }","                break;","            // custom-case","            default:","                break;","            }","            if (document.querySelector('#inputTextareaEval1') && (!event || (event &&","                    event.currentTarget &&","                    event.currentTarget.className &&","                    event.currentTarget.className.includes &&","                    event.currentTarget.className.includes('oneval')))) {","                // try to eval input-code","                try {","                    /*jslint evil: true*/","                    eval(document.querySelector('#inputTextareaEval1').value);","                } catch (errorCaught) {","                    console.error(errorCaught);","                }","            }","        };","        // log stderr and stdout to #outputTextareaStdout1","        ['error', 'log'].forEach(function (key) {","            console[key + '_original'] = console[key];","            console[key] = function () {","                var element;","                console[key + '_original'].apply(console, arguments);","                element = document.querySelector('#outputTextareaStdout1');","                if (!element) {","                    return;","                }","                // append text to #outputTextareaStdout1","                element.value += Array.from(arguments).map(function (arg) {","                    return typeof arg === 'string'","                        ? arg","                        : JSON.stringify(arg, null, 4);","                }).join(' ') + '\\n';","                // scroll textarea to bottom","                element.scrollTop = element.scrollHeight;","            };","        });","        // init event-handling","        ['change', 'click', 'keyup'].forEach(function (event) {","            Array.from(document.querySelectorAll('.on' + event)).forEach(function (element) {","                element.addEventListener(event, local.testRunBrowser);","            });","        });","        // run tests","        local.testRunBrowser();","        break;","","","","    // run node js-env code - post-init","    /* istanbul ignore next */","    case 'node':","        // export local","        module.exports = local;","        // require modules","        local.fs = require('fs');","        local.http = require('http');","        local.url = require('url');","        // init assets","        local.assetsDict = local.assetsDict || {};","        /* jslint-ignore-begin */","        local.assetsDict['/assets.index.template.html'] = '\\","<!doctype html>\\n\\","<html lang=\"en\">\\n\\","<head>\\n\\","<meta charset=\"UTF-8\">\\n\\","<meta name=\"viewport\" content=\"width=device-width, initial-scale=1\">\\n\\","<title>{{env.npm_package_name}} (v{{env.npm_package_version}})</title>\\n\\","<style>\\n\\","/*csslint\\n\\","    box-sizing: false,\\n\\","    universal-selector: false\\n\\","*/\\n\\","* {\\n\\","    box-sizing: border-box;\\n\\","}\\n\\","body {\\n\\","    background: #dde;\\n\\","    font-family: Arial, Helvetica, sans-serif;\\n\\","    margin: 2rem;\\n\\","}\\n\\","body > * {\\n\\","    margin-bottom: 1rem;\\n\\","}\\n\\",".utility2FooterDiv {\\n\\","    margin-top: 20px;\\n\\","    text-align: center;\\n\\","}\\n\\","</style>\\n\\","<style>\\n\\","/*csslint\\n\\","*/\\n\\","textarea {\\n\\","    font-family: monospace;\\n\\","    height: 10rem;\\n\\","    width: 100%;\\n\\","}\\n\\","textarea[readonly] {\\n\\","    background: #ddd;\\n\\","}\\n\\","</style>\\n\\","</head>\\n\\","<body>\\n\\","<!-- utility2-comment\\n\\","<div id=\"ajaxProgressDiv1\" style=\"background: #d00; height: 2px; left: 0; margin: 0; padding: 0; position: fixed; top: 0; transition: background 0.5s, width 1.5s; width: 25%;\"></div>\\n\\","utility2-comment -->\\n\\","<h1>\\n\\","<!-- utility2-comment\\n\\","    <a\\n\\","        {{#if env.npm_package_homepage}}\\n\\","        href=\"{{env.npm_package_homepage}}\"\\n\\","        {{/if env.npm_package_homepage}}\\n\\","        target=\"_blank\"\\n\\","    >\\n\\","utility2-comment -->\\n\\","        {{env.npm_package_name}} (v{{env.npm_package_version}})\\n\\","<!-- utility2-comment\\n\\","    </a>\\n\\","utility2-comment -->\\n\\","</h1>\\n\\","<h3>{{env.npm_package_description}}</h3>\\n\\","<!-- utility2-comment\\n\\","<h4><a download href=\"assets.app.js\">download standalone app</a></h4>\\n\\","<button class=\"onclick onreset\" id=\"testRunButton1\">run internal test</button><br>\\n\\","<div id=\"testReportDiv1\" style=\"display: none;\"></div>\\n\\","utility2-comment -->\\n\\","\\n\\","\\n\\","\\n\\","<label>stderr and stdout</label>\\n\\","<textarea class=\"resettable\" id=\"outputTextareaStdout1\" readonly></textarea>\\n\\","<!-- utility2-comment\\n\\","{{#if isRollup}}\\n\\","<script src=\"assets.app.js\"></script>\\n\\","{{#unless isRollup}}\\n\\","utility2-comment -->\\n\\","<script src=\"assets.utility2.rollup.js\"></script>\\n\\","<script src=\"jsonp.utility2._stateInit?callback=window.utility2._stateInit\"></script>\\n\\","<script src=\"assets.npmtest_pako.rollup.js\"></script>\\n\\","<script src=\"assets.example.js\"></script>\\n\\","<script src=\"assets.test.js\"></script>\\n\\","<!-- utility2-comment\\n\\","{{/if isRollup}}\\n\\","utility2-comment -->\\n\\","<div class=\"utility2FooterDiv\">\\n\\","    [ this app was created with\\n\\","    <a href=\"https://github.com/kaizhu256/node-utility2\" target=\"_blank\">utility2</a>\\n\\","    ]\\n\\","</div>\\n\\","</body>\\n\\","</html>\\n\\","';","        /* jslint-ignore-end */","        if (local.templateRender) {","            local.assetsDict['/'] = local.templateRender(","                local.assetsDict['/assets.index.template.html'],","                {","                    env: local.objectSetDefault(local.env, {","                        npm_package_description: 'the greatest app in the world!',","                        npm_package_name: 'my-app',","                        npm_package_nameAlias: 'my_app',","                        npm_package_version: '0.0.1'","                    })","                }","            );","        } else {","            local.assetsDict['/'] = local.assetsDict['/assets.index.template.html']","                .replace((/\\{\\{env\\.(\\w+?)\\}\\}/g), function (match0, match1) {","                    // jslint-hack","                    String(match0);","                    switch (match1) {","                    case 'npm_package_description':","                        return 'the greatest app in the world!';","                    case 'npm_package_name':","                        return 'my-app';","                    case 'npm_package_nameAlias':","                        return 'my_app';","                    case 'npm_package_version':","                        return '0.0.1';","                    }","                });","        }","        // run the cli","        if (local.global.utility2_rollup || module !== require.main) {","            break;","        }","        local.assetsDict['/assets.example.js'] =","            local.assetsDict['/assets.example.js'] ||","            local.fs.readFileSync(__filename, 'utf8');","        // bug-workaround - long $npm_package_buildCustomOrg","        /* jslint-ignore-begin */","        local.assetsDict['/assets.npmtest_pako.rollup.js'] =","            local.assetsDict['/assets.npmtest_pako.rollup.js'] ||","            local.fs.readFileSync(","                local.npmtest_pako.__dirname + '/lib.npmtest_pako.js',","                'utf8'","            ).replace((/^#!/), '//');","        /* jslint-ignore-end */","        local.assetsDict['/favicon.ico'] = local.assetsDict['/favicon.ico'] || '';","        // if $npm_config_timeout_exit exists,","        // then exit this process after $npm_config_timeout_exit ms","        if (Number(process.env.npm_config_timeout_exit)) {","            setTimeout(process.exit, Number(process.env.npm_config_timeout_exit));","        }","        // start server","        if (local.global.utility2_serverHttp1) {","            break;","        }","        process.env.PORT = process.env.PORT || '8081';","        console.error('server starting on port ' + process.env.PORT);","        local.http.createServer(function (request, response) {","            request.urlParsed = local.url.parse(request.url);","            if (local.assetsDict[request.urlParsed.pathname] !== undefined) {","                response.end(local.assetsDict[request.urlParsed.pathname]);","                return;","            }","            response.statusCode = 404;","            response.end();","        }).listen(process.env.PORT);","        break;","    }","}());",""],"l":{"26":2,"28":2,"33":2,"35":2,"37":2,"38":2,"39":2,"44":1,"51":2,"55":2,"59":2,"61":2,"69":1,"70":2,"76":2,"79":2,"82":2,"83":2,"85":1,"89":2,"92":1,"93":1,"94":1,"96":1,"97":1,"100":1,"101":1,"103":1,"106":1,"108":2,"114":1,"116":1,"118":1,"123":1,"124":2,"125":2,"126":3,"127":3,"128":3,"129":3,"130":1,"133":3,"134":3,"139":3,"143":1,"144":3,"145":1,"149":1,"150":1,"158":1,"160":1,"161":1,"162":1,"164":1,"166":1,"258":1,"259":1,"271":1,"274":6,"275":6,"277":1,"279":2,"281":1,"283":2,"288":1,"289":1,"291":1,"296":1,"303":1,"306":1,"307":1,"310":1,"311":1,"313":1,"314":1,"315":1,"316":1,"317":1,"318":1,"319":1,"321":1,"322":1,"324":1}},"/home/travis/build/npmtest/node-npmtest-pako/node_modules/pako/index.js":{"path":"/home/travis/build/npmtest/node-npmtest-pako/node_modules/pako/index.js","s":{"1":1,"2":1,"3":1,"4":1,"5":1,"6":1,"7":1},"b":{},"f":{},"fnMap":{},"statementMap":{"1":{"start":{"line":4,"column":0},"end":{"line":4,"column":53}},"2":{"start":{"line":6,"column":0},"end":{"line":6,"column":41}},"3":{"start":{"line":7,"column":0},"end":{"line":7,"column":41}},"4":{"start":{"line":8,"column":0},"end":{"line":8,"column":48}},"5":{"start":{"line":10,"column":0},"end":{"line":10,"column":14}},"6":{"start":{"line":12,"column":0},"end":{"line":12,"column":42}},"7":{"start":{"line":14,"column":0},"end":{"line":14,"column":22}}},"branchMap":{},"code":["// Top level file is just a mixin of submodules & constants","'use strict';","","var assign    = require('./lib/utils/common').assign;","","var deflate   = require('./lib/deflate');","var inflate   = require('./lib/inflate');","var constants = require('./lib/zlib/constants');","","var pako = {};","","assign(pako, deflate, inflate, constants);","","module.exports = pako;",""],"l":{"4":1,"6":1,"7":1,"8":1,"10":1,"12":1,"14":1}},"/home/travis/build/npmtest/node-npmtest-pako/node_modules/pako/lib/utils/common.js":{"path":"/home/travis/build/npmtest/node-npmtest-pako/node_modules/pako/lib/utils/common.js","s":{"1":1,"2":1,"3":2,"4":2,"5":4,"6":4,"7":0,"8":4,"9":0,"10":4,"11":37,"12":37,"13":2,"14":1,"15":0,"16":0,"17":0,"18":0,"19":0,"20":0,"21":1,"22":0,"23":0,"24":0,"25":0,"26":0,"27":0,"28":0,"29":0,"30":0,"31":0,"32":0,"33":0,"34":0,"35":0,"36":0,"37":0,"38":1,"39":0,"40":0,"41":0,"42":1,"43":1,"44":1,"45":1,"46":1,"47":1,"48":0,"49":0,"50":0,"51":0,"52":1},"b":{"1":[1,1,1],"2":[0,4],"3":[0,4],"4":[37,0],"5":[0,0],"6":[0,0],"7":[0,0],"8":[0,0],"9":[1,0]},"f":{"1":2,"2":0,"3":0,"4":0,"5":0,"6":0,"7":1},"fnMap":{"1":{"name":"(anonymous_1)","line":9,"loc":{"start":{"line":9,"column":17},"end":{"line":9,"column":61}}},"2":{"name":"(anonymous_2)","line":31,"loc":{"start":{"line":31,"column":20},"end":{"line":31,"column":41}}},"3":{"name":"(anonymous_3)","line":40,"loc":{"start":{"line":40,"column":12},"end":{"line":40,"column":59}}},"4":{"name":"(anonymous_4)","line":51,"loc":{"start":{"line":51,"column":17},"end":{"line":51,"column":35}}},"5":{"name":"(anonymous_5)","line":74,"loc":{"start":{"line":74,"column":12},"end":{"line":74,"column":59}}},"6":{"name":"(anonymous_6)","line":80,"loc":{"start":{"line":80,"column":17},"end":{"line":80,"column":35}}},"7":{"name":"(anonymous_7)","line":88,"loc":{"start":{"line":88,"column":19},"end":{"line":88,"column":33}}}},"statementMap":{"1":{"start":{"line":4,"column":0},"end":{"line":6,"column":52}},"2":{"start":{"line":9,"column":0},"end":{"line":27,"column":2}},"3":{"start":{"line":10,"column":2},"end":{"line":10,"column":57}},"4":{"start":{"line":11,"column":2},"end":{"line":24,"column":3}},"5":{"start":{"line":12,"column":4},"end":{"line":12,"column":33}},"6":{"start":{"line":13,"column":4},"end":{"line":13,"column":30}},"7":{"start":{"line":13,"column":19},"end":{"line":13,"column":28}},"8":{"start":{"line":15,"column":4},"end":{"line":17,"column":5}},"9":{"start":{"line":16,"column":6},"end":{"line":16,"column":57}},"10":{"start":{"line":19,"column":4},"end":{"line":23,"column":5}},"11":{"start":{"line":20,"column":6},"end":{"line":22,"column":7}},"12":{"start":{"line":21,"column":8},"end":{"line":21,"column":27}},"13":{"start":{"line":26,"column":2},"end":{"line":26,"column":13}},"14":{"start":{"line":31,"column":0},"end":{"line":36,"column":2}},"15":{"start":{"line":32,"column":2},"end":{"line":32,"column":42}},"16":{"start":{"line":32,"column":29},"end":{"line":32,"column":40}},"17":{"start":{"line":33,"column":2},"end":{"line":33,"column":53}},"18":{"start":{"line":33,"column":22},"end":{"line":33,"column":51}},"19":{"start":{"line":34,"column":2},"end":{"line":34,"column":20}},"20":{"start":{"line":35,"column":2},"end":{"line":35,"column":13}},"21":{"start":{"line":39,"column":0},"end":{"line":71,"column":2}},"22":{"start":{"line":41,"column":4},"end":{"line":44,"column":5}},"23":{"start":{"line":42,"column":6},"end":{"line":42,"column":66}},"24":{"start":{"line":43,"column":6},"end":{"line":43,"column":13}},"25":{"start":{"line":46,"column":4},"end":{"line":48,"column":5}},"26":{"start":{"line":47,"column":6},"end":{"line":47,"column":46}},"27":{"start":{"line":52,"column":4},"end":{"line":52,"column":38}},"28":{"start":{"line":55,"column":4},"end":{"line":55,"column":12}},"29":{"start":{"line":56,"column":4},"end":{"line":58,"column":5}},"30":{"start":{"line":57,"column":6},"end":{"line":57,"column":30}},"31":{"start":{"line":61,"column":4},"end":{"line":61,"column":33}},"32":{"start":{"line":62,"column":4},"end":{"line":62,"column":12}},"33":{"start":{"line":63,"column":4},"end":{"line":67,"column":5}},"34":{"start":{"line":64,"column":6},"end":{"line":64,"column":24}},"35":{"start":{"line":65,"column":6},"end":{"line":65,"column":29}},"36":{"start":{"line":66,"column":6},"end":{"line":66,"column":26}},"37":{"start":{"line":69,"column":4},"end":{"line":69,"column":18}},"38":{"start":{"line":73,"column":0},"end":{"line":83,"column":2}},"39":{"start":{"line":75,"column":4},"end":{"line":77,"column":5}},"40":{"start":{"line":76,"column":6},"end":{"line":76,"column":46}},"41":{"start":{"line":81,"column":4},"end":{"line":81,"column":39}},"42":{"start":{"line":88,"column":0},"end":{"line":100,"column":2}},"43":{"start":{"line":89,"column":2},"end":{"line":99,"column":3}},"44":{"start":{"line":90,"column":4},"end":{"line":90,"column":31}},"45":{"start":{"line":91,"column":4},"end":{"line":91,"column":32}},"46":{"start":{"line":92,"column":4},"end":{"line":92,"column":31}},"47":{"start":{"line":93,"column":4},"end":{"line":93,"column":37}},"48":{"start":{"line":95,"column":4},"end":{"line":95,"column":26}},"49":{"start":{"line":96,"column":4},"end":{"line":96,"column":26}},"50":{"start":{"line":97,"column":4},"end":{"line":97,"column":26}},"51":{"start":{"line":98,"column":4},"end":{"line":98,"column":39}},"52":{"start":{"line":102,"column":0},"end":{"line":102,"column":27}}},"branchMap":{"1":{"line":4,"type":"binary-expr","locations":[{"start":{"line":4,"column":17},"end":{"line":4,"column":50}},{"start":{"line":5,"column":17},"end":{"line":5,"column":51}},{"start":{"line":6,"column":17},"end":{"line":6,"column":50}}]},"2":{"line":13,"type":"if","locations":[{"start":{"line":13,"column":4},"end":{"line":13,"column":4}},{"start":{"line":13,"column":4},"end":{"line":13,"column":4}}]},"3":{"line":15,"type":"if","locations":[{"start":{"line":15,"column":4},"end":{"line":15,"column":4}},{"start":{"line":15,"column":4},"end":{"line":15,"column":4}}]},"4":{"line":20,"type":"if","locations":[{"start":{"line":20,"column":6},"end":{"line":20,"column":6}},{"start":{"line":20,"column":6},"end":{"line":20,"column":6}}]},"5":{"line":32,"type":"if","locations":[{"start":{"line":32,"column":2},"end":{"line":32,"column":2}},{"start":{"line":32,"column":2},"end":{"line":32,"column":2}}]},"6":{"line":33,"type":"if","locations":[{"start":{"line":33,"column":2},"end":{"line":33,"column":2}},{"start":{"line":33,"column":2},"end":{"line":33,"column":2}}]},"7":{"line":41,"type":"if","locations":[{"start":{"line":41,"column":4},"end":{"line":41,"column":4}},{"start":{"line":41,"column":4},"end":{"line":41,"column":4}}]},"8":{"line":41,"type":"binary-expr","locations":[{"start":{"line":41,"column":8},"end":{"line":41,"column":20}},{"start":{"line":41,"column":24},"end":{"line":41,"column":37}}]},"9":{"line":89,"type":"if","locations":[{"start":{"line":89,"column":2},"end":{"line":89,"column":2}},{"start":{"line":89,"column":2},"end":{"line":89,"column":2}}]}},"code":["'use strict';","","","var TYPED_OK =  (typeof Uint8Array !== 'undefined') &&","                (typeof Uint16Array !== 'undefined') &&","                (typeof Int32Array !== 'undefined');","","","exports.assign = function (obj /*from1, from2, from3, ...*/) {","  var sources = Array.prototype.slice.call(arguments, 1);","  while (sources.length) {","    var source = sources.shift();","    if (!source) { continue; }","","    if (typeof source !== 'object') {","      throw new TypeError(source + 'must be non-object');","    }","","    for (var p in source) {","      if (source.hasOwnProperty(p)) {","        obj[p] = source[p];","      }","    }","  }","","  return obj;","};","","","// reduce buffer size, avoiding mem copy","exports.shrinkBuf = function (buf, size) {","  if (buf.length === size) { return buf; }","  if (buf.subarray) { return buf.subarray(0, size); }","  buf.length = size;","  return buf;","};","","","var fnTyped = {","  arraySet: function (dest, src, src_offs, len, dest_offs) {","    if (src.subarray && dest.subarray) {","      dest.set(src.subarray(src_offs, src_offs + len), dest_offs);","      return;","    }","    // Fallback to ordinary array","    for (var i = 0; i < len; i++) {","      dest[dest_offs + i] = src[src_offs + i];","    }","  },","  // Join array of chunks to single array.","  flattenChunks: function (chunks) {","    var i, l, len, pos, chunk, result;","","    // calculate data length","    len = 0;","    for (i = 0, l = chunks.length; i < l; i++) {","      len += chunks[i].length;","    }","","    // join chunks","    result = new Uint8Array(len);","    pos = 0;","    for (i = 0, l = chunks.length; i < l; i++) {","      chunk = chunks[i];","      result.set(chunk, pos);","      pos += chunk.length;","    }","","    return result;","  }","};","","var fnUntyped = {","  arraySet: function (dest, src, src_offs, len, dest_offs) {","    for (var i = 0; i < len; i++) {","      dest[dest_offs + i] = src[src_offs + i];","    }","  },","  // Join array of chunks to single array.","  flattenChunks: function (chunks) {","    return [].concat.apply([], chunks);","  }","};","","","// Enable/Disable typed arrays use, for testing","//","exports.setTyped = function (on) {","  if (on) {","    exports.Buf8  = Uint8Array;","    exports.Buf16 = Uint16Array;","    exports.Buf32 = Int32Array;","    exports.assign(exports, fnTyped);","  } else {","    exports.Buf8  = Array;","    exports.Buf16 = Array;","    exports.Buf32 = Array;","    exports.assign(exports, fnUntyped);","  }","};","","exports.setTyped(TYPED_OK);",""],"l":{"4":1,"9":1,"10":2,"11":2,"12":4,"13":4,"15":4,"16":0,"19":4,"20":37,"21":37,"26":2,"31":1,"32":0,"33":0,"34":0,"35":0,"39":1,"41":0,"42":0,"43":0,"46":0,"47":0,"52":0,"55":0,"56":0,"57":0,"61":0,"62":0,"63":0,"64":0,"65":0,"66":0,"69":0,"73":1,"75":0,"76":0,"81":0,"88":1,"89":1,"90":1,"91":1,"92":1,"93":1,"95":0,"96":0,"97":0,"98":0,"102":1}},"/home/travis/build/npmtest/node-npmtest-pako/node_modules/pako/lib/deflate.js":{"path":"/home/travis/build/npmtest/node-npmtest-pako/node_modules/pako/lib/deflate.js","s":{"1":1,"2":1,"3":1,"4":1,"5":1,"6":1,"7":1,"8":1,"9":1,"10":1,"11":1,"12":1,"13":1,"14":1,"15":1,"16":0,"17":0,"18":0,"19":0,"20":0,"21":0,"22":0,"23":0,"24":0,"25":0,"26":0,"27":0,"28":0,"29":0,"30":0,"31":0,"32":0,"33":0,"34":0,"35":0,"36":0,"37":0,"38":0,"39":0,"40":0,"41":0,"42":0,"43":0,"44":0,"45":0,"46":1,"47":0,"48":0,"49":0,"50":0,"51":0,"52":0,"53":0,"54":0,"55":0,"56":0,"57":0,"58":0,"59":0,"60":0,"61":0,"62":0,"63":0,"64":0,"65":0,"66":0,"67":0,"68":0,"69":0,"70":0,"71":0,"72":0,"73":0,"74":0,"75":0,"76":0,"77":0,"78":0,"79":0,"80":0,"81":0,"82":0,"83":0,"84":1,"85":0,"86":1,"87":0,"88":0,"89":0,"90":0,"91":0,"92":0,"93":0,"94":1,"95":0,"96":0,"97":0,"98":0,"99":0,"100":1,"101":0,"102":0,"103":0,"104":1,"105":0,"106":0,"107":0,"108":1,"109":1,"110":1,"111":1},"b":{"1":[0,0],"2":[0,0],"3":[0,0],"4":[0,0],"5":[0,0],"6":[0,0,0],"7":[0,0],"8":[0,0],"9":[0,0],"10":[0,0],"11":[0,0],"12":[0,0],"13":[0,0],"14":[0,0],"15":[0,0],"16":[0,0],"17":[0,0],"18":[0,0],"19":[0,0],"20":[0,0],"21":[0,0],"22":[0,0,0,0],"23":[0,0],"24":[0,0,0],"25":[0,0],"26":[0,0],"27":[0,0],"28":[0,0],"29":[0,0],"30":[0,0],"31":[0,0],"32":[0,0]},"f":{"1":0,"2":0,"3":0,"4":0,"5":0,"6":0,"7":0},"fnMap":{"1":{"name":"Deflate","line":120,"loc":{"start":{"line":120,"column":0},"end":{"line":120,"column":26}}},"2":{"name":"(anonymous_2)","line":219,"loc":{"start":{"line":219,"column":25},"end":{"line":219,"column":47}}},"3":{"name":"(anonymous_3)","line":291,"loc":{"start":{"line":291,"column":27},"end":{"line":291,"column":44}}},"4":{"name":"(anonymous_4)","line":306,"loc":{"start":{"line":306,"column":26},"end":{"line":306,"column":44}}},"5":{"name":"deflate","line":355,"loc":{"start":{"line":355,"column":0},"end":{"line":355,"column":33}}},"6":{"name":"deflateRaw","line":375,"loc":{"start":{"line":375,"column":0},"end":{"line":375,"column":36}}},"7":{"name":"gzip","line":390,"loc":{"start":{"line":390,"column":0},"end":{"line":390,"column":30}}}},"statementMap":{"1":{"start":{"line":4,"column":0},"end":{"line":4,"column":45}},"2":{"start":{"line":5,"column":0},"end":{"line":5,"column":45}},"3":{"start":{"line":6,"column":0},"end":{"line":6,"column":46}},"4":{"start":{"line":7,"column":0},"end":{"line":7,"column":46}},"5":{"start":{"line":8,"column":0},"end":{"line":8,"column":45}},"6":{"start":{"line":10,"column":0},"end":{"line":10,"column":41}},"7":{"start":{"line":15,"column":0},"end":{"line":15,"column":24}},"8":{"start":{"line":16,"column":0},"end":{"line":16,"column":24}},"9":{"start":{"line":18,"column":0},"end":{"line":18,"column":24}},"10":{"start":{"line":19,"column":0},"end":{"line":19,"column":24}},"11":{"start":{"line":20,"column":0},"end":{"line":20,"column":24}},"12":{"start":{"line":22,"column":0},"end":{"line":22,"column":31}},"13":{"start":{"line":24,"column":0},"end":{"line":24,"column":30}},"14":{"start":{"line":26,"column":0},"end":{"line":26,"column":20}},"15":{"start":{"line":120,"column":0},"end":{"line":188,"column":1}},"16":{"start":{"line":121,"column":2},"end":{"line":121,"column":62}},"17":{"start":{"line":121,"column":34},"end":{"line":121,"column":62}},"18":{"start":{"line":123,"column":2},"end":{"line":131,"column":20}},"19":{"start":{"line":133,"column":2},"end":{"line":133,"column":25}},"20":{"start":{"line":135,"column":2},"end":{"line":141,"column":3}},"21":{"start":{"line":136,"column":4},"end":{"line":136,"column":37}},"22":{"start":{"line":139,"column":7},"end":{"line":141,"column":3}},"23":{"start":{"line":140,"column":4},"end":{"line":140,"column":25}},"24":{"start":{"line":143,"column":2},"end":{"line":143,"column":18}},"25":{"start":{"line":144,"column":2},"end":{"line":144,"column":19}},"26":{"start":{"line":145,"column":2},"end":{"line":145,"column":22}},"27":{"start":{"line":146,"column":2},"end":{"line":146,"column":19}},"28":{"start":{"line":148,"column":2},"end":{"line":148,"column":28}},"29":{"start":{"line":149,"column":2},"end":{"line":149,"column":26}},"30":{"start":{"line":151,"column":2},"end":{"line":158,"column":4}},"31":{"start":{"line":160,"column":2},"end":{"line":162,"column":3}},"32":{"start":{"line":161,"column":4},"end":{"line":161,"column":33}},"33":{"start":{"line":164,"column":2},"end":{"line":166,"column":3}},"34":{"start":{"line":165,"column":4},"end":{"line":165,"column":57}},"35":{"start":{"line":168,"column":2},"end":{"line":187,"column":3}},"36":{"start":{"line":169,"column":4},"end":{"line":169,"column":13}},"37":{"start":{"line":171,"column":4},"end":{"line":178,"column":5}},"38":{"start":{"line":173,"column":6},"end":{"line":173,"column":48}},"39":{"start":{"line":174,"column":11},"end":{"line":178,"column":5}},"40":{"start":{"line":175,"column":6},"end":{"line":175,"column":44}},"41":{"start":{"line":177,"column":6},"end":{"line":177,"column":28}},"42":{"start":{"line":180,"column":4},"end":{"line":180,"column":64}},"43":{"start":{"line":182,"column":4},"end":{"line":184,"column":5}},"44":{"start":{"line":183,"column":6},"end":{"line":183,"column":35}},"45":{"start":{"line":186,"column":4},"end":{"line":186,"column":26}},"46":{"start":{"line":219,"column":0},"end":{"line":279,"column":2}},"47":{"start":{"line":220,"column":2},"end":{"line":220,"column":23}},"48":{"start":{"line":221,"column":2},"end":{"line":221,"column":41}},"49":{"start":{"line":222,"column":2},"end":{"line":222,"column":20}},"50":{"start":{"line":224,"column":2},"end":{"line":224,"column":35}},"51":{"start":{"line":224,"column":20},"end":{"line":224,"column":33}},"52":{"start":{"line":226,"column":2},"end":{"line":226,"column":79}},"53":{"start":{"line":229,"column":2},"end":{"line":236,"column":3}},"54":{"start":{"line":231,"column":4},"end":{"line":231,"column":42}},"55":{"start":{"line":232,"column":9},"end":{"line":236,"column":3}},"56":{"start":{"line":233,"column":4},"end":{"line":233,"column":38}},"57":{"start":{"line":235,"column":4},"end":{"line":235,"column":22}},"58":{"start":{"line":238,"column":2},"end":{"line":238,"column":19}},"59":{"start":{"line":239,"column":2},"end":{"line":239,"column":36}},"60":{"start":{"line":241,"column":2},"end":{"line":261,"column":83}},"61":{"start":{"line":242,"column":4},"end":{"line":246,"column":5}},"62":{"start":{"line":243,"column":6},"end":{"line":243,"column":46}},"63":{"start":{"line":244,"column":6},"end":{"line":244,"column":24}},"64":{"start":{"line":245,"column":6},"end":{"line":245,"column":33}},"65":{"start":{"line":247,"column":4},"end":{"line":247,"column":47}},"66":{"start":{"line":249,"column":4},"end":{"line":253,"column":5}},"67":{"start":{"line":250,"column":6},"end":{"line":250,"column":25}},"68":{"start":{"line":251,"column":6},"end":{"line":251,"column":24}},"69":{"start":{"line":252,"column":6},"end":{"line":252,"column":19}},"70":{"start":{"line":254,"column":4},"end":{"line":260,"column":5}},"71":{"start":{"line":255,"column":6},"end":{"line":259,"column":7}},"72":{"start":{"line":256,"column":8},"end":{"line":256,"column":88}},"73":{"start":{"line":258,"column":8},"end":{"line":258,"column":65}},"74":{"start":{"line":264,"column":2},"end":{"line":269,"column":3}},"75":{"start":{"line":265,"column":4},"end":{"line":265,"column":48}},"76":{"start":{"line":266,"column":4},"end":{"line":266,"column":23}},"77":{"start":{"line":267,"column":4},"end":{"line":267,"column":22}},"78":{"start":{"line":268,"column":4},"end":{"line":268,"column":27}},"79":{"start":{"line":272,"column":2},"end":{"line":276,"column":3}},"80":{"start":{"line":273,"column":4},"end":{"line":273,"column":21}},"81":{"start":{"line":274,"column":4},"end":{"line":274,"column":23}},"82":{"start":{"line":275,"column":4},"end":{"line":275,"column":16}},"83":{"start":{"line":278,"column":2},"end":{"line":278,"column":14}},"84":{"start":{"line":291,"column":0},"end":{"line":293,"column":2}},"85":{"start":{"line":292,"column":2},"end":{"line":292,"column":26}},"86":{"start":{"line":306,"column":0},"end":{"line":318,"column":2}},"87":{"start":{"line":308,"column":2},"end":{"line":314,"column":3}},"88":{"start":{"line":309,"column":4},"end":{"line":313,"column":5}},"89":{"start":{"line":310,"column":6},"end":{"line":310,"column":41}},"90":{"start":{"line":312,"column":6},"end":{"line":312,"column":53}},"91":{"start":{"line":315,"column":2},"end":{"line":315,"column":19}},"92":{"start":{"line":316,"column":2},"end":{"line":316,"column":20}},"93":{"start":{"line":317,"column":2},"end":{"line":317,"column":27}},"94":{"start":{"line":355,"column":0},"end":{"line":364,"column":1}},"95":{"start":{"line":356,"column":2},"end":{"line":356,"column":38}},"96":{"start":{"line":358,"column":2},"end":{"line":358,"column":29}},"97":{"start":{"line":361,"column":2},"end":{"line":361,"column":64}},"98":{"start":{"line":361,"column":22},"end":{"line":361,"column":62}},"99":{"start":{"line":363,"column":2},"end":{"line":363,"column":25}},"100":{"start":{"line":375,"column":0},"end":{"line":379,"column":1}},"101":{"start":{"line":376,"column":2},"end":{"line":376,"column":26}},"102":{"start":{"line":377,"column":2},"end":{"line":377,"column":21}},"103":{"start":{"line":378,"column":2},"end":{"line":378,"column":33}},"104":{"start":{"line":390,"column":0},"end":{"line":394,"column":1}},"105":{"start":{"line":391,"column":2},"end":{"line":391,"column":26}},"106":{"start":{"line":392,"column":2},"end":{"line":392,"column":22}},"107":{"start":{"line":393,"column":2},"end":{"line":393,"column":33}},"108":{"start":{"line":397,"column":0},"end":{"line":397,"column":26}},"109":{"start":{"line":398,"column":0},"end":{"line":398,"column":26}},"110":{"start":{"line":399,"column":0},"end":{"line":399,"column":32}},"111":{"start":{"line":400,"column":0},"end":{"line":400,"column":20}}},"branchMap":{"1":{"line":121,"type":"if","locations":[{"start":{"line":121,"column":2},"end":{"line":121,"column":2}},{"start":{"line":121,"column":2},"end":{"line":121,"column":2}}]},"2":{"line":131,"type":"binary-expr","locations":[{"start":{"line":131,"column":5},"end":{"line":131,"column":12}},{"start":{"line":131,"column":16},"end":{"line":131,"column":18}}]},"3":{"line":135,"type":"if","locations":[{"start":{"line":135,"column":2},"end":{"line":135,"column":2}},{"start":{"line":135,"column":2},"end":{"line":135,"column":2}}]},"4":{"line":135,"type":"binary-expr","locations":[{"start":{"line":135,"column":6},"end":{"line":135,"column":13}},{"start":{"line":135,"column":18},"end":{"line":135,"column":36}}]},"5":{"line":139,"type":"if","locations":[{"start":{"line":139,"column":7},"end":{"line":139,"column":7}},{"start":{"line":139,"column":7},"end":{"line":139,"column":7}}]},"6":{"line":139,"type":"binary-expr","locations":[{"start":{"line":139,"column":11},"end":{"line":139,"column":19}},{"start":{"line":139,"column":24},"end":{"line":139,"column":42}},{"start":{"line":139,"column":48},"end":{"line":139,"column":67}}]},"7":{"line":160,"type":"if","locations":[{"start":{"line":160,"column":2},"end":{"line":160,"column":2}},{"start":{"line":160,"column":2},"end":{"line":160,"column":2}}]},"8":{"line":164,"type":"if","locations":[{"start":{"line":164,"column":2},"end":{"line":164,"column":2}},{"start":{"line":164,"column":2},"end":{"line":164,"column":2}}]},"9":{"line":168,"type":"if","locations":[{"start":{"line":168,"column":2},"end":{"line":168,"column":2}},{"start":{"line":168,"column":2},"end":{"line":168,"column":2}}]},"10":{"line":171,"type":"if","locations":[{"start":{"line":171,"column":4},"end":{"line":171,"column":4}},{"start":{"line":171,"column":4},"end":{"line":171,"column":4}}]},"11":{"line":174,"type":"if","locations":[{"start":{"line":174,"column":11},"end":{"line":174,"column":11}},{"start":{"line":174,"column":11},"end":{"line":174,"column":11}}]},"12":{"line":182,"type":"if","locations":[{"start":{"line":182,"column":4},"end":{"line":182,"column":4}},{"start":{"line":182,"column":4},"end":{"line":182,"column":4}}]},"13":{"line":224,"type":"if","locations":[{"start":{"line":224,"column":2},"end":{"line":224,"column":2}},{"start":{"line":224,"column":2},"end":{"line":224,"column":2}}]},"14":{"line":226,"type":"cond-expr","locations":[{"start":{"line":226,"column":30},"end":{"line":226,"column":34}},{"start":{"line":226,"column":38},"end":{"line":226,"column":77}}]},"15":{"line":226,"type":"cond-expr","locations":[{"start":{"line":226,"column":56},"end":{"line":226,"column":64}},{"start":{"line":226,"column":67},"end":{"line":226,"column":77}}]},"16":{"line":229,"type":"if","locations":[{"start":{"line":229,"column":2},"end":{"line":229,"column":2}},{"start":{"line":229,"column":2},"end":{"line":229,"column":2}}]},"17":{"line":232,"type":"if","locations":[{"start":{"line":232,"column":9},"end":{"line":232,"column":9}},{"start":{"line":232,"column":9},"end":{"line":232,"column":9}}]},"18":{"line":242,"type":"if","locations":[{"start":{"line":242,"column":4},"end":{"line":242,"column":4}},{"start":{"line":242,"column":4},"end":{"line":242,"column":4}}]},"19":{"line":249,"type":"if","locations":[{"start":{"line":249,"column":4},"end":{"line":249,"column":4}},{"start":{"line":249,"column":4},"end":{"line":249,"column":4}}]},"20":{"line":249,"type":"binary-expr","locations":[{"start":{"line":249,"column":8},"end":{"line":249,"column":31}},{"start":{"line":249,"column":35},"end":{"line":249,"column":50}}]},"21":{"line":254,"type":"if","locations":[{"start":{"line":254,"column":4},"end":{"line":254,"column":4}},{"start":{"line":254,"column":4},"end":{"line":254,"column":4}}]},"22":{"line":254,"type":"binary-expr","locations":[{"start":{"line":254,"column":8},"end":{"line":254,"column":28}},{"start":{"line":254,"column":33},"end":{"line":254,"column":52}},{"start":{"line":254,"column":57},"end":{"line":254,"column":75}},{"start":{"line":254,"column":79},"end":{"line":254,"column":101}}]},"23":{"line":255,"type":"if","locations":[{"start":{"line":255,"column":6},"end":{"line":255,"column":6}},{"start":{"line":255,"column":6},"end":{"line":255,"column":6}}]},"24":{"line":261,"type":"binary-expr","locations":[{"start":{"line":261,"column":12},"end":{"line":261,"column":29}},{"start":{"line":261,"column":33},"end":{"line":261,"column":53}},{"start":{"line":261,"column":58},"end":{"line":261,"column":81}}]},"25":{"line":264,"type":"if","locations":[{"start":{"line":264,"column":2},"end":{"line":264,"column":2}},{"start":{"line":264,"column":2},"end":{"line":264,"column":2}}]},"26":{"line":272,"type":"if","locations":[{"start":{"line":272,"column":2},"end":{"line":272,"column":2}},{"start":{"line":272,"column":2},"end":{"line":272,"column":2}}]},"27":{"line":308,"type":"if","locations":[{"start":{"line":308,"column":2},"end":{"line":308,"column":2}},{"start":{"line":308,"column":2},"end":{"line":308,"column":2}}]},"28":{"line":309,"type":"if","locations":[{"start":{"line":309,"column":4},"end":{"line":309,"column":4}},{"start":{"line":309,"column":4},"end":{"line":309,"column":4}}]},"29":{"line":361,"type":"if","locations":[{"start":{"line":361,"column":2},"end":{"line":361,"column":2}},{"start":{"line":361,"column":2},"end":{"line":361,"column":2}}]},"30":{"line":361,"type":"binary-expr","locations":[{"start":{"line":361,"column":28},"end":{"line":361,"column":40}},{"start":{"line":361,"column":44},"end":{"line":361,"column":61}}]},"31":{"line":376,"type":"binary-expr","locations":[{"start":{"line":376,"column":12},"end":{"line":376,"column":19}},{"start":{"line":376,"column":23},"end":{"line":376,"column":25}}]},"32":{"line":391,"type":"binary-expr","locations":[{"start":{"line":391,"column":12},"end":{"line":391,"column":19}},{"start":{"line":391,"column":23},"end":{"line":391,"column":25}}]}},"code":["'use strict';","","","var zlib_deflate = require('./zlib/deflate');","var utils        = require('./utils/common');","var strings      = require('./utils/strings');","var msg          = require('./zlib/messages');","var ZStream      = require('./zlib/zstream');","","var toString = Object.prototype.toString;","","/* Public constants ==========================================================*/","/* ===========================================================================*/","","var Z_NO_FLUSH      = 0;","var Z_FINISH        = 4;","","var Z_OK            = 0;","var Z_STREAM_END    = 1;","var Z_SYNC_FLUSH    = 2;","","var Z_DEFAULT_COMPRESSION = -1;","","var Z_DEFAULT_STRATEGY    = 0;","","var Z_DEFLATED  = 8;","","/* ===========================================================================*/","","","/**"," * class Deflate"," *"," * Generic JS-style wrapper for zlib calls. If you don't need"," * streaming behaviour - use more simple functions: [[deflate]],"," * [[deflateRaw]] and [[gzip]]."," **/","","/* internal"," * Deflate.chunks -> Array"," *"," * Chunks of output data, if [[Deflate#onData]] not overriden."," **/","","/**"," * Deflate.result -> Uint8Array|Array"," *"," * Compressed result, generated by default [[Deflate#onData]]"," * and [[Deflate#onEnd]] handlers. Filled after you push last chunk"," * (call [[Deflate#push]] with `Z_FINISH` / `true` param)  or if you"," * push a chunk with explicit flush (call [[Deflate#push]] with"," * `Z_SYNC_FLUSH` param)."," **/","","/**"," * Deflate.err -> Number"," *"," * Error code after deflate finished. 0 (Z_OK) on success."," * You will not need it in real life, because deflate errors"," * are possible only on wrong options or bad `onData` / `onEnd`"," * custom handlers."," **/","","/**"," * Deflate.msg -> String"," *"," * Error message, if [[Deflate.err]] != 0"," **/","","","/**"," * new Deflate(options)"," * - options (Object): zlib deflate options."," *"," * Creates new deflator instance with specified params. Throws exception"," * on bad params. Supported options:"," *"," * - `level`"," * - `windowBits`"," * - `memLevel`"," * - `strategy`"," * - `dictionary`"," *"," * [http://zlib.net/manual.html#Advanced](http://zlib.net/manual.html#Advanced)"," * for more information on these."," *"," * Additional options, for internal needs:"," *"," * - `chunkSize` - size of generated data chunks (16K by default)"," * - `raw` (Boolean) - do raw deflate"," * - `gzip` (Boolean) - create gzip wrapper"," * - `to` (String) - if equal to 'string', then result will be \"binary string\""," *    (each char code [0..255])"," * - `header` (Object) - custom header for gzip"," *   - `text` (Boolean) - true if compressed data believed to be text"," *   - `time` (Number) - modification time, unix timestamp"," *   - `os` (Number) - operation system code"," *   - `extra` (Array) - array of bytes with extra data (max 65536)"," *   - `name` (String) - file name (binary string)"," *   - `comment` (String) - comment (binary string)"," *   - `hcrc` (Boolean) - true if header crc should be added"," *"," * ##### Example:"," *"," * ```javascript"," * var pako = require('pako')"," *   , chunk1 = Uint8Array([1,2,3,4,5,6,7,8,9])"," *   , chunk2 = Uint8Array([10,11,12,13,14,15,16,17,18,19]);"," *"," * var deflate = new pako.Deflate({ level: 3});"," *"," * deflate.push(chunk1, false);"," * deflate.push(chunk2, true);  // true -> last chunk"," *"," * if (deflate.err) { throw new Error(deflate.err); }"," *"," * console.log(deflate.result);"," * ```"," **/","function Deflate(options) {","  if (!(this instanceof Deflate)) return n
[...]
cumentation would be","//   appreciated but is not required.","// 2. Altered source versions must be plainly marked as such, and must not be","//   misrepresented as being the original software.","// 3. This notice may not be removed or altered from any source distribution.","","var utils = require('../utils/common');","","var MAXBITS = 15;","var ENOUGH_LENS = 852;","var ENOUGH_DISTS = 592;","//var ENOUGH = (ENOUGH_LENS+ENOUGH_DISTS);","","var CODES = 0;","var LENS = 1;","var DISTS = 2;","","var lbase = [ /* Length codes 257..285 base */","  3, 4, 5, 6, 7, 8, 9, 10, 11, 13, 15, 17, 19, 23, 27, 31,","  35, 43, 51, 59, 67, 83, 99, 115, 131, 163, 195, 227, 258, 0, 0","];","","var lext = [ /* Length codes 257..285 extra */","  16, 16, 16, 16, 16, 16, 16, 16, 17, 17, 17, 17, 18, 18, 18, 18,","  19, 19, 19, 19, 20, 20, 20, 20, 21, 21, 21, 21, 16, 72, 78","];","","var dbase = [ /* Distance codes 0..29 base */","  1, 2, 3, 4, 5, 7, 9, 13, 17, 25, 33, 49, 65, 97, 129, 193,","  257, 385, 513, 769, 1025, 1537, 2049, 3073, 4097, 6145,","  8193, 12289, 16385, 24577, 0, 0","];","","var dext = [ /* Distance codes 0..29 extra */","  16, 16, 16, 16, 17, 17, 18, 18, 19, 19, 20, 20, 21, 21, 22, 22,","  23, 23, 24, 24, 25, 25, 26, 26, 27, 27,","  28, 28, 29, 29, 64, 64","];","","module.exports = function inflate_table(type, lens, lens_index, codes, table, table_index, work, opts)","{","  var bits = opts.bits;","      //here = opts.here; /* table entry for duplication */","","  var len = 0;               /* a code's length in bits */","  var sym = 0;               /* index of code symbols */","  var min = 0, max = 0;          /* minimum and maximum code lengths */","  var root = 0;              /* number of index bits for root table */","  var curr = 0;              /* number of index bits for current table */","  var drop = 0;              /* code bits to drop for sub-table */","  var left = 0;                   /* number of prefix codes available */","  var used = 0;              /* code entries in table used */","  var huff = 0;              /* Huffman code */","  var incr;              /* for incrementing code, index */","  var fill;              /* index for replicating entries */","  var low;               /* low bits for current root entry */","  var mask;              /* mask for low root bits */","  var next;             /* next available space in table */","  var base = null;     /* base value table to use */","  var base_index = 0;","//  var shoextra;    /* extra bits table to use */","  var end;                    /* use base and extra for symbol > end */","  var count = new utils.Buf16(MAXBITS + 1); //[MAXBITS+1];    /* number of codes of each length */","  var offs = new utils.Buf16(MAXBITS + 1); //[MAXBITS+1];     /* offsets in table for each length */","  var extra = null;","  var extra_index = 0;","","  var here_bits, here_op, here_val;","","  /*","   Process a set of code lengths to create a canonical Huffman code.  The","   code lengths are lens[0..codes-1].  Each length corresponds to the","   symbols 0..codes-1.  The Huffman code is generated by first sorting the","   symbols by length from short to long, and retaining the symbol order","   for codes with equal lengths.  Then the code starts with all zero bits","   for the first code of the shortest length, and the codes are integer","   increments for the same length, and zeros are appended as the length","   increases.  For the deflate format, these bits are stored backwards","   from their more natural integer increment ordering, and so when the","   decoding tables are built in the large loop below, the integer codes","   are incremented backwards.","","   This routine assumes, but does not check, that all of the entries in","   lens[] are in the range 0..MAXBITS.  The caller must assure this.","   1..MAXBITS is interpreted as that code length.  zero means that that","   symbol does not occur in this code.","","   The codes are sorted by computing a count of codes for each length,","   creating from that a table of starting indices for each length in the","   sorted table, and then entering the symbols in order in the sorted","   table.  The sorted table is work[], with that space being provided by","   the caller.","","   The length counts are used for other purposes as well, i.e. finding","   the minimum and maximum length codes, determining if there are any","   codes at all, checking for a valid set of lengths, and looking ahead","   at length counts to determine sub-table sizes when building the","   decoding tables.","   */","","  /* accumulate lengths for codes (assumes lens[] all in 0..MAXBITS) */","  for (len = 0; len <= MAXBITS; len++) {","    count[len] = 0;","  }","  for (sym = 0; sym < codes; sym++) {","    count[lens[lens_index + sym]]++;","  }","","  /* bound code lengths, force root to be within code lengths */","  root = bits;","  for (max = MAXBITS; max >= 1; max--) {","    if (count[max] !== 0) { break; }","  }","  if (root > max) {","    root = max;","  }","  if (max === 0) {                     /* no symbols to code at all */","    //table.op[opts.table_index] = 64;  //here.op = (var char)64;    /* invalid code marker */","    //table.bits[opts.table_index] = 1;   //here.bits = (var char)1;","    //table.val[opts.table_index++] = 0;   //here.val = (var short)0;","    table[table_index++] = (1 << 24) | (64 << 16) | 0;","","","    //table.op[opts.table_index] = 64;","    //table.bits[opts.table_index] = 1;","    //table.val[opts.table_index++] = 0;","    table[table_index++] = (1 << 24) | (64 << 16) | 0;","","    opts.bits = 1;","    return 0;     /* no symbols, but wait for decoding to report error */","  }","  for (min = 1; min < max; min++) {","    if (count[min] !== 0) { break; }","  }","  if (root < min) {","    root = min;","  }","","  /* check for an over-subscribed or incomplete set of lengths */","  left = 1;","  for (len = 1; len <= MAXBITS; len++) {","    left <<= 1;","    left -= count[len];","    if (left < 0) {","      return -1;","    }        /* over-subscribed */","  }","  if (left > 0 && (type === CODES || max !== 1)) {","    return -1;                      /* incomplete set */","  }","","  /* generate offsets into symbol table for each length for sorting */","  offs[1] = 0;","  for (len = 1; len < MAXBITS; len++) {","    offs[len + 1] = offs[len] + count[len];","  }","","  /* sort symbols by length, by symbol order within each length */","  for (sym = 0; sym < codes; sym++) {","    if (lens[lens_index + sym] !== 0) {","      work[offs[lens[lens_index + sym]]++] = sym;","    }","  }","","  /*","   Create and fill in decoding tables.  In this loop, the table being","   filled is at next and has curr index bits.  The code being used is huff","   with length len.  That code is converted to an index by dropping drop","   bits off of the bottom.  For codes where len is less than drop + curr,","   those top drop + curr - len bits are incremented through all values to","   fill the table with replicated entries.","","   root is the number of index bits for the root table.  When len exceeds","   root, sub-tables are created pointed to by the root entry with an index","   of the low root bits of huff.  This is saved in low to check for when a","   new sub-table should be started.  drop is zero when the root table is","   being filled, and drop is root when sub-tables are being filled.","","   When a new sub-table is needed, it is necessary to look ahead in the","   code lengths to determine what size sub-table is needed.  The length","   counts are used for this, and so count[] is decremented as codes are","   entered in the tables.","","   used keeps track of how many table entries have been allocated from the","   provided *table space.  It is checked for LENS and DIST tables against","   the constants ENOUGH_LENS and ENOUGH_DISTS to guard against changes in","   the initial root table size constants.  See the comments in inftrees.h","   for more information.","","   sym increments through all symbols, and the loop terminates when","   all codes of length max, i.e. all codes, have been processed.  This","   routine permits incomplete codes, so another loop after this one fills","   in the rest of the decoding tables with invalid code markers.","   */","","  /* set up for code type */","  // poor man optimization - use if-else instead of switch,","  // to avoid deopts in old v8","  if (type === CODES) {","    base = extra = work;    /* dummy value--not used */","    end = 19;","","  } else if (type === LENS) {","    base = lbase;","    base_index -= 257;","    extra = lext;","    extra_index -= 257;","    end = 256;","","  } else {                    /* DISTS */","    base = dbase;","    extra = dext;","    end = -1;","  }","","  /* initialize opts for loop */","  huff = 0;                   /* starting code */","  sym = 0;                    /* starting code symbol */","  len = min;                  /* starting code length */","  next = table_index;              /* current table to fill in */","  curr = root;                /* current table index bits */","  drop = 0;                   /* current bits to drop from code for index */","  low = -1;                   /* trigger new sub-table when len > root */","  used = 1 << root;          /* use root table entries */","  mask = used - 1;            /* mask for comparing low */","","  /* check available table space */","  if ((type === LENS && used > ENOUGH_LENS) ||","    (type === DISTS && used > ENOUGH_DISTS)) {","    return 1;","  }","","  /* process all codes and make table entries */","  for (;;) {","    /* create table entry */","    here_bits = len - drop;","    if (work[sym] < end) {","      here_op = 0;","      here_val = work[sym];","    }","    else if (work[sym] > end) {","      here_op = extra[extra_index + work[sym]];","      here_val = base[base_index + work[sym]];","    }","    else {","      here_op = 32 + 64;         /* end of block */","      here_val = 0;","    }","","    /* replicate for those indices with low len bits equal to huff */","    incr = 1 << (len - drop);","    fill = 1 << curr;","    min = fill;                 /* save offset to next table */","    do {","      fill -= incr;","      table[next + (huff >> drop) + fill] = (here_bits << 24) | (here_op << 16) | here_val |0;","    } while (fill !== 0);","","    /* backwards increment the len-bit code huff */","    incr = 1 << (len - 1);","    while (huff & incr) {","      incr >>= 1;","    }","    if (incr !== 0) {","      huff &= incr - 1;","      huff += incr;","    } else {","      huff = 0;","    }","","    /* go to next symbol, update count, len */","    sym++;","    if (--count[len] === 0) {","      if (len === max) { break; }","      len = lens[lens_index + work[sym]];","    }","","    /* create new sub-table if needed */","    if (len > root && (huff & mask) !== low) {","      /* if first time, transition to sub-tables */","      if (drop === 0) {","        drop = root;","      }","","      /* increment past last table */","      next += min;            /* here min is 1 << curr */","","      /* determine length of next table */","      curr = len - drop;","      left = 1 << curr;","      while (curr + drop < max) {","        left -= count[curr + drop];","        if (left <= 0) { break; }","        curr++;","        left <<= 1;","      }","","      /* check for enough space */","      used += 1 << curr;","      if ((type === LENS && used > ENOUGH_LENS) ||","        (type === DISTS && used > ENOUGH_DISTS)) {","        return 1;","      }","","      /* point entry in root table to sub-table */","      low = huff & mask;","      /*table.op[low] = curr;","      table.bits[low] = root;","      table.val[low] = next - opts.table_index;*/","      table[low] = (root << 24) | (curr << 16) | (next - table_index) |0;","    }","  }","","  /* fill in remaining table entry if code is incomplete (guaranteed to have","   at most one remaining entry, since if the code is incomplete, the","   maximum code length that was allowed to get this far is one bit) */","  if (huff !== 0) {","    //table.op[next + huff] = 64;            /* invalid code marker */","    //table.bits[next + huff] = len - drop;","    //table.val[next + huff] = 0;","    table[next + huff] = ((len - drop) << 24) | (64 << 16) |0;","  }","","  /* set return parameters */","  //opts.table_index += used;","  opts.bits = root;","  return 0;","};",""],"l":{"22":1,"24":1,"25":1,"26":1,"29":1,"30":1,"31":1,"33":1,"38":1,"43":1,"49":1,"55":1,"57":0,"60":0,"61":0,"62":0,"63":0,"64":0,"65":0,"66":0,"67":0,"68":0,"69":0,"70":0,"71":0,"72":0,"73":0,"74":0,"75":0,"77":0,"78":0,"79":0,"80":0,"81":0,"83":0,"117":0,"118":0,"120":0,"121":0,"125":0,"126":0,"127":0,"129":0,"130":0,"132":0,"136":0,"142":0,"144":0,"145":0,"147":0,"148":0,"150":0,"151":0,"155":0,"156":0,"157":0,"158":0,"159":0,"160":0,"163":0,"164":0,"168":0,"169":0,"170":0,"174":0,"175":0,"176":0,"214":0,"215":0,"216":0,"218":0,"219":0,"220":0,"221":0,"222":0,"223":0,"226":0,"227":0,"228":0,"232":0,"233":0,"234":0,"235":0,"236":0,"237":0,"238":0,"239":0,"240":0,"243":0,"245":0,"249":0,"251":0,"252":0,"253":0,"254":0,"256":0,"257":0,"258":0,"261":0,"262":0,"266":0,"267":0,"268":0,"269":0,"270":0,"271":0,"275":0,"276":0,"277":0,"279":0,"280":0,"281":0,"283":0,"287":0,"288":0,"289":0,"290":0,"294":0,"296":0,"297":0,"301":0,"304":0,"305":0,"306":0,"307":0,"308":0,"309":0,"310":0,"314":0,"315":0,"317":0,"321":0,"325":0,"332":0,"336":0,"341":0,"342":0}},"/home/travis/build/npmtest/node-npmtest-pako/node_modules/pako/lib/zlib/constants.js":{"path":"/home/travis/build/npmtest/node-npmtest-pako/node_modules/pako/lib/zlib/constants.js","s":{"1":1},"b":{},"f":{},"fnMap":{},"statementMap":{"1":{"start":{"line":22,"column":0},"end":{"line":68,"column":2}}},"branchMap":{},"code":["'use strict';","","// (C) 1995-2013 Jean-loup Gailly and Mark Adler","// (C) 2014-2017 Vitaly Puzrin and Andrey Tupitsin","//","// This software is provided 'as-is', without any express or implied","// warranty. In no event will the authors be held liable for any damages","// arising from the use of this software.","//","// Permission is granted to anyone to use this software for any purpose,","// including commercial applications, and to alter it and redistribute it","// freely, subject to the following restrictions:","//","// 1. The origin of this software must not be misrepresented; you must not","//   claim that you wrote the original software. If you use this software","//   in a product, an acknowledgment in the product documentation would be","//   appreciated but is not required.","// 2. Altered source versions must be plainly marked as such, and must not be","//   misrepresented as being the original software.","// 3. This notice may not be removed or altered from any source distribution.","","module.exports = {","","  /* Allowed flush values; see deflate() and inflate() below for details */","  Z_NO_FLUSH:         0,","  Z_PARTIAL_FLUSH:    1,","  Z_SYNC_FLUSH:       2,","  Z_FULL_FLUSH:       3,","  Z_FINISH:           4,","  Z_BLOCK:            5,","  Z_TREES:            6,","","  /* Return codes for the compression/decompression functions. Negative values","  * are errors, positive values are used for special but normal events.","  */","  Z_OK:               0,","  Z_STREAM_END:       1,","  Z_NEED_DICT:        2,","  Z_ERRNO:           -1,","  Z_STREAM_ERROR:    -2,","  Z_DATA_ERROR:      -3,","  //Z_MEM_ERROR:     -4,","  Z_BUF_ERROR:       -5,","  //Z_VERSION_ERROR: -6,","","  /* compression levels */","  Z_NO_COMPRESSION:         0,","  Z_BEST_SPEED:             1,","  Z_BEST_COMPRESSION:       9,","  Z_DEFAULT_COMPRESSION:   -1,","","","  Z_FILTERED:               1,","  Z_HUFFMAN_ONLY:           2,","  Z_RLE:                    3,","  Z_FIXED:                  4,","  Z_DEFAULT_STRATEGY:       0,","","  /* Possible values of the data_type field (though see inflate()) */","  Z_BINARY:                 0,","  Z_TEXT:                   1,","  //Z_ASCII:                1, // = Z_TEXT (deprecated)","  Z_UNKNOWN:                2,","","  /* The deflate compression method */","  Z_DEFLATED:               8","  //Z_NULL:                 null // Use -1 or null inline, depending on var type","};",""],"l":{"22":1}},"/home/travis/build/npmtest/node-npmtest-pako/node_modules/pako/lib/zlib/gzheader.js":{"path":"/home/travis/build/npmtest/node-npmtest-pako/node_modules/pako/lib/zlib/gzheader.js","s":{"1":1,"2":0,"3":0,"4":0,"5":0,"6":0,"7":0,"8":0,"9":0,"10":0,"11":0,"12":1},"b":{},"f":{"1":0},"fnMap":{"1":{"name":"GZheader","line":22,"loc":{"start":{"line":22,"column":0},"end":{"line":22,"column":20}}}},"statementMap":{"1":{"start":{"line":22,"column":0},"end":{"line":56,"column":1}},"2":{"start":{"line":24,"column":2},"end":{"line":24,"column":22}},"3":{"start":{"line":26,"column":2},"end":{"line":26,"column":22}},"4":{"start":{"line":28,"column":2},"end":{"line":28,"column":22}},"5":{"start":{"line":30,"column":2},"end":{"line":30,"column":22}},"6":{"start":{"line":32,"column":2},"end":{"line":32,"column":25}},"7":{"start":{"line":34,"column":2},"end":{"line":34,"column":22}},"8":{"start":{"line":45,"column":2},"end":{"line":45,"column":23}},"9":{"start":{"line":49,"column":2},"end":{"line":49,"column":23}},"10":{"start":{"line":53,"column":2},"end":{"line":53,"column":22}},"11":{"start":{"line":55,"column":2},"end":{"line":55,"column":26}},"12":{"start":{"line":58,"column":0},"end":{"line":58,"column":26}}},"branchMap":{},"code":["'use strict';","","// (C) 1995-2013 Jean-loup Gailly and Mark Adler","// (C) 2014-2017 Vitaly Puzrin and Andrey Tupitsin","//","// This software is provided 'as-is', without any express or implied","// warranty. In no event will the authors be held liable for any damages","// arising from the use of this software.","//","// Permission is granted to anyone to use this software for any purpose,","// including commercial applications, and to alter it and redistribute it","// freely, subject to the following restrictions:","//","// 1. The origin of this software must not be misrepresented; you must not","//   claim that you wrote the original software. If you use this software","//   in a product, an acknowledgment in the product documentation would be","//   appreciated but is not required.","// 2. Altered source versions must be plainly marked as such, and must not be","//   misrepresented as being the original software.","// 3. This notice may not be removed or altered from any source distribution.","","function GZheader() {","  /* true if compressed data believed to be text */","  this.text       = 0;","  /* modification time */","  this.time       = 0;","  /* extra flags (not used when writing a gzip file) */","  this.xflags     = 0;","  /* operating system */","  this.os         = 0;","  /* pointer to extra field or Z_NULL if none */","  this.extra      = null;","  /* extra field length (valid if extra != Z_NULL) */","  this.extra_len  = 0; // Actually, we don't need it in JS,","                       // but leave for few code modifications","","  //","  // Setup limits is not necessary because in js we should not preallocate memory","  // for inflate use constant limit in 65536 bytes","  //","","  /* space at extra (only when reading header) */","  // this.extra_max  = 0;","  /* pointer to zero-terminated file name or Z_NULL */","  this.name       = '';","  /* space at name (only when reading header) */","  // this.name_max   = 0;","  /* pointer to zero-terminated comment or Z_NULL */","  this.comment    = '';","  /* space at comment (only when reading header) */","  // this.comm_max   = 0;","  /* true if there was or will be a header crc */","  this.hcrc       = 0;","  /* true when done reading gzip header (not used when writing a gzip file) */","  this.done       = false;","}","","module.exports = GZheader;",""],"l":{"22":1,"24":0,"26":0,"28":0,"30":0,"32":0,"34":0,"45":0,"49":0,"53":0,"55":0,"58":1}}}